2022-02-22 09:57:32,544 - model.hagen_supervisor - INFO - Log directory: ./logs/8/ds4_rl3_gs50_alpha5_pa15_0222095732
2022-02-22 09:57:32,611 - model.hagen_supervisor - INFO - Model created
2022-02-22 09:57:32,619 - model.hagen_supervisor - INFO - Start training ...
2022-02-22 09:57:32,619 - model.hagen_supervisor - INFO - num_batches:12
2022-02-22 09:57:34,316 - model.hagen_supervisor - INFO - Total trainable parameters 1239238
2022-02-22 09:58:10,207 - model.hagen_supervisor - INFO - val: The average macro-F1 score is 0.51383, average micro-F1 score is 0.59784
2022-02-22 09:58:10,208 - model.hagen_supervisor - INFO - Epoch [0/200] (12) train_loss: 0.7350, (0.5456 / 18.9436) val_loss: 0.6929, (0.5009 / 19.1956) lr: 0.010000, 37.6s
2022-02-22 09:58:11,496 - model.hagen_supervisor - INFO - test: The average macro-F1 score is 0.50478, average micro-F1 score is 0.58954
2022-02-22 09:58:11,573 - model.hagen_supervisor - INFO - Val F1 increase from 0.0000 to 0.5474, saving to ./logs/8/ds4_rl3_gs50_alpha5_pa15_0222095732/model.tar
2022-02-22 09:58:36,777 - model.hagen_supervisor - INFO - val: The average macro-F1 score is 0.53174, average micro-F1 score is 0.60341
2022-02-22 09:58:36,781 - model.hagen_supervisor - INFO - Epoch [1/200] (24) train_loss: 0.6815, (0.4936 / 18.7928) val_loss: 0.6822, (0.4915 / 19.0751) lr: 0.010000, 25.2s
2022-02-22 09:58:38,071 - model.hagen_supervisor - INFO - test: The average macro-F1 score is 0.53255, average micro-F1 score is 0.60336
2022-02-22 09:58:38,117 - model.hagen_supervisor - INFO - Val F1 increase from 0.5474 to 0.5604, saving to ./logs/8/ds4_rl3_gs50_alpha5_pa15_0222095732/model.tar
2022-02-22 09:59:04,346 - model.hagen_supervisor - INFO - val: The average macro-F1 score is 0.55151, average micro-F1 score is 0.61083
2022-02-22 09:59:04,347 - model.hagen_supervisor - INFO - Epoch [2/200] (36) train_loss: 0.6743, (0.4867 / 18.7661) val_loss: 0.6789, (0.4876 / 19.1283) lr: 0.010000, 26.2s
2022-02-22 09:59:05,689 - model.hagen_supervisor - INFO - test: The average macro-F1 score is 0.53990, average micro-F1 score is 0.60172
2022-02-22 09:59:05,723 - model.hagen_supervisor - INFO - Val F1 increase from 0.5604 to 0.5752, saving to ./logs/8/ds4_rl3_gs50_alpha5_pa15_0222095732/model.tar
2022-02-22 09:59:27,196 - model.hagen_supervisor - INFO - val: The average macro-F1 score is 0.54914, average micro-F1 score is 0.61826
2022-02-22 09:59:27,197 - model.hagen_supervisor - INFO - Epoch [3/200] (48) train_loss: 0.6709, (0.4831 / 18.7815) val_loss: 0.6764, (0.4854 / 19.1000) lr: 0.010000, 21.5s
2022-02-22 09:59:28,736 - model.hagen_supervisor - INFO - test: The average macro-F1 score is 0.53830, average micro-F1 score is 0.61051
2022-02-22 09:59:28,773 - model.hagen_supervisor - INFO - Val F1 increase from 0.5752 to 0.5768, saving to ./logs/8/ds4_rl3_gs50_alpha5_pa15_0222095732/model.tar
2022-02-22 09:59:54,481 - model.hagen_supervisor - INFO - val: The average macro-F1 score is 0.54860, average micro-F1 score is 0.61872
2022-02-22 09:59:54,481 - model.hagen_supervisor - INFO - Epoch [4/200] (60) train_loss: 0.6690, (0.4815 / 18.7475) val_loss: 0.6748, (0.4842 / 19.0662) lr: 0.010000, 25.7s
2022-02-22 09:59:56,123 - model.hagen_supervisor - INFO - test: The average macro-F1 score is 0.53754, average micro-F1 score is 0.61004
2022-02-22 10:00:19,625 - model.hagen_supervisor - INFO - val: The average macro-F1 score is 0.54382, average micro-F1 score is 0.61223
2022-02-22 10:00:19,625 - model.hagen_supervisor - INFO - Epoch [5/200] (72) train_loss: 0.6678, (0.4805 / 18.7326) val_loss: 0.6762, (0.4855 / 19.0757) lr: 0.010000, 23.5s
2022-02-22 10:00:20,889 - model.hagen_supervisor - INFO - test: The average macro-F1 score is 0.53774, average micro-F1 score is 0.60653
2022-02-22 10:00:47,475 - model.hagen_supervisor - INFO - val: The average macro-F1 score is 0.54822, average micro-F1 score is 0.61060
2022-02-22 10:00:47,476 - model.hagen_supervisor - INFO - Epoch [6/200] (84) train_loss: 0.6667, (0.4794 / 18.7305) val_loss: 0.6749, (0.4839 / 19.0969) lr: 0.010000, 26.6s
2022-02-22 10:00:49,157 - model.hagen_supervisor - INFO - test: The average macro-F1 score is 0.54285, average micro-F1 score is 0.60559
2022-02-22 10:01:24,034 - model.hagen_supervisor - INFO - val: The average macro-F1 score is 0.54169, average micro-F1 score is 0.60480
2022-02-22 10:01:24,035 - model.hagen_supervisor - INFO - Epoch [7/200] (96) train_loss: 0.6668, (0.4793 / 18.7421) val_loss: 0.6759, (0.4852 / 19.0754) lr: 0.010000, 34.9s
2022-02-22 10:01:26,873 - model.hagen_supervisor - INFO - test: The average macro-F1 score is 0.54728, average micro-F1 score is 0.60934
2022-02-22 10:01:58,430 - model.hagen_supervisor - INFO - val: The average macro-F1 score is 0.54996, average micro-F1 score is 0.61339
2022-02-22 10:01:58,431 - model.hagen_supervisor - INFO - Epoch [8/200] (108) train_loss: 0.6663, (0.4790 / 18.7266) val_loss: 0.6736, (0.4832 / 19.0381) lr: 0.010000, 31.6s
2022-02-22 10:01:59,656 - model.hagen_supervisor - INFO - test: The average macro-F1 score is 0.54280, average micro-F1 score is 0.60735
2022-02-22 10:02:24,706 - model.hagen_supervisor - INFO - val: The average macro-F1 score is 0.55294, average micro-F1 score is 0.61733
2022-02-22 10:02:24,706 - model.hagen_supervisor - INFO - Epoch [9/200] (120) train_loss: 0.6648, (0.4777 / 18.7094) val_loss: 0.6725, (0.4817 / 19.0832) lr: 0.000100, 25.0s
2022-02-22 10:02:26,066 - model.hagen_supervisor - INFO - test: The average macro-F1 score is 0.54360, average micro-F1 score is 0.61051
2022-02-22 10:02:26,111 - model.hagen_supervisor - INFO - Val F1 increase from 0.5768 to 0.5787, saving to ./logs/8/ds4_rl3_gs50_alpha5_pa15_0222095732/model.tar
2022-02-22 10:02:43,171 - model.hagen_supervisor - INFO - val: The average macro-F1 score is 0.54825, average micro-F1 score is 0.60991
2022-02-22 10:02:43,172 - model.hagen_supervisor - INFO - Epoch [10/200] (132) train_loss: 0.6642, (0.4771 / 18.7099) val_loss: 0.6729, (0.4826 / 19.0245) lr: 0.001000, 17.1s
2022-02-22 10:02:44,287 - model.hagen_supervisor - INFO - test: The average macro-F1 score is 0.54481, average micro-F1 score is 0.60594
2022-02-22 10:03:01,128 - model.hagen_supervisor - INFO - val: The average macro-F1 score is 0.54325, average micro-F1 score is 0.61872
2022-02-22 10:03:01,129 - model.hagen_supervisor - INFO - Epoch [11/200] (144) train_loss: 0.6632, (0.4767 / 18.6556) val_loss: 0.6712, (0.4811 / 19.0111) lr: 0.001000, 16.8s
2022-02-22 10:03:02,243 - model.hagen_supervisor - INFO - test: The average macro-F1 score is 0.53924, average micro-F1 score is 0.61426
2022-02-22 10:03:19,499 - model.hagen_supervisor - INFO - val: The average macro-F1 score is 0.54375, average micro-F1 score is 0.61176
2022-02-22 10:03:19,500 - model.hagen_supervisor - INFO - Epoch [12/200] (156) train_loss: 0.6634, (0.4770 / 18.6375) val_loss: 0.6718, (0.4821 / 18.9630) lr: 0.001000, 17.3s
2022-02-22 10:03:20,656 - model.hagen_supervisor - INFO - test: The average macro-F1 score is 0.54335, average micro-F1 score is 0.60840
2022-02-22 10:03:36,226 - model.hagen_supervisor - INFO - val: The average macro-F1 score is 0.54218, average micro-F1 score is 0.61339
2022-02-22 10:03:36,233 - model.hagen_supervisor - INFO - Epoch [13/200] (168) train_loss: 0.6635, (0.4774 / 18.6176) val_loss: 0.6712, (0.4822 / 18.9006) lr: 0.001000, 15.6s
2022-02-22 10:03:37,323 - model.hagen_supervisor - INFO - test: The average macro-F1 score is 0.54062, average micro-F1 score is 0.61063
2022-02-22 10:03:55,619 - model.hagen_supervisor - INFO - val: The average macro-F1 score is 0.54999, average micro-F1 score is 0.61130
2022-02-22 10:03:55,620 - model.hagen_supervisor - INFO - Epoch [14/200] (180) train_loss: 0.6614, (0.4756 / 18.5786) val_loss: 0.6710, (0.4823 / 18.8618) lr: 0.001000, 18.3s
2022-02-22 10:03:56,666 - model.hagen_supervisor - INFO - test: The average macro-F1 score is 0.55170, average micro-F1 score is 0.61438
2022-02-22 10:04:14,155 - model.hagen_supervisor - INFO - val: The average macro-F1 score is 0.54796, average micro-F1 score is 0.61501
2022-02-22 10:04:14,157 - model.hagen_supervisor - INFO - Epoch [15/200] (192) train_loss: 0.6601, (0.4745 / 18.5580) val_loss: 0.6684, (0.4799 / 18.8467) lr: 0.001000, 17.5s
2022-02-22 10:04:15,267 - model.hagen_supervisor - INFO - test: The average macro-F1 score is 0.54806, average micro-F1 score is 0.61496
2022-02-22 10:04:31,750 - model.hagen_supervisor - INFO - val: The average macro-F1 score is 0.54550, average micro-F1 score is 0.61965
2022-02-22 10:04:31,751 - model.hagen_supervisor - INFO - Epoch [16/200] (204) train_loss: 0.6591, (0.4736 / 18.5517) val_loss: 0.6678, (0.4794 / 18.8423) lr: 0.001000, 16.5s
2022-02-22 10:04:33,076 - model.hagen_supervisor - INFO - test: The average macro-F1 score is 0.54291, average micro-F1 score is 0.61742
2022-02-22 10:04:49,408 - model.hagen_supervisor - INFO - val: The average macro-F1 score is 0.54384, average micro-F1 score is 0.61478
2022-02-22 10:04:49,408 - model.hagen_supervisor - INFO - Epoch [17/200] (216) train_loss: 0.6593, (0.4736 / 18.5728) val_loss: 0.6681, (0.4791 / 18.8968) lr: 0.001000, 16.3s
2022-02-22 10:04:50,345 - model.hagen_supervisor - INFO - test: The average macro-F1 score is 0.54199, average micro-F1 score is 0.61274
2022-02-22 10:05:03,886 - model.hagen_supervisor - INFO - val: The average macro-F1 score is 0.54186, average micro-F1 score is 0.61594
2022-02-22 10:05:03,886 - model.hagen_supervisor - INFO - Epoch [18/200] (228) train_loss: 0.6591, (0.4735 / 18.5632) val_loss: 0.6684, (0.4799 / 18.8511) lr: 0.001000, 13.5s
2022-02-22 10:05:04,819 - model.hagen_supervisor - INFO - test: The average macro-F1 score is 0.54538, average micro-F1 score is 0.61672
2022-02-22 10:05:19,255 - model.hagen_supervisor - INFO - val: The average macro-F1 score is 0.54940, average micro-F1 score is 0.61315
2022-02-22 10:05:19,256 - model.hagen_supervisor - INFO - Epoch [19/200] (240) train_loss: 0.6615, (0.4763 / 18.5224) val_loss: 0.6696, (0.4814 / 18.8124) lr: 0.001000, 14.4s
2022-02-22 10:05:20,170 - model.hagen_supervisor - INFO - test: The average macro-F1 score is 0.54568, average micro-F1 score is 0.61039
2022-02-22 10:05:34,318 - model.hagen_supervisor - INFO - val: The average macro-F1 score is 0.54110, average micro-F1 score is 0.61246
2022-02-22 10:05:34,318 - model.hagen_supervisor - INFO - Epoch [20/200] (252) train_loss: 0.6621, (0.4765 / 18.5605) val_loss: 0.6681, (0.4795 / 18.8647) lr: 0.001000, 14.1s
2022-02-22 10:05:35,263 - model.hagen_supervisor - INFO - test: The average macro-F1 score is 0.54247, average micro-F1 score is 0.61320
2022-02-22 10:05:48,858 - model.hagen_supervisor - INFO - val: The average macro-F1 score is 0.54116, average micro-F1 score is 0.61872
2022-02-22 10:05:48,859 - model.hagen_supervisor - INFO - Epoch [21/200] (264) train_loss: 0.6594, (0.4741 / 18.5277) val_loss: 0.6679, (0.4796 / 18.8352) lr: 0.001000, 13.6s
2022-02-22 10:05:49,799 - model.hagen_supervisor - INFO - test: The average macro-F1 score is 0.53876, average micro-F1 score is 0.61672
2022-02-22 10:06:04,287 - model.hagen_supervisor - INFO - val: The average macro-F1 score is 0.54187, average micro-F1 score is 0.61710
2022-02-22 10:06:04,288 - model.hagen_supervisor - INFO - Epoch [22/200] (276) train_loss: 0.6588, (0.4735 / 18.5299) val_loss: 0.6679, (0.4795 / 18.8388) lr: 0.001000, 14.5s
2022-02-22 10:06:05,286 - model.hagen_supervisor - INFO - test: The average macro-F1 score is 0.53032, average micro-F1 score is 0.60758
2022-02-22 10:06:20,417 - model.hagen_supervisor - INFO - val: The average macro-F1 score is 0.54828, average micro-F1 score is 0.61756
2022-02-22 10:06:20,417 - model.hagen_supervisor - INFO - Epoch [23/200] (288) train_loss: 0.6592, (0.4737 / 18.5508) val_loss: 0.6679, (0.4795 / 18.8411) lr: 0.001000, 15.1s
2022-02-22 10:06:21,443 - model.hagen_supervisor - INFO - test: The average macro-F1 score is 0.54028, average micro-F1 score is 0.61133
2022-02-22 10:06:36,268 - model.hagen_supervisor - INFO - val: The average macro-F1 score is 0.53455, average micro-F1 score is 0.60805
2022-02-22 10:06:36,269 - model.hagen_supervisor - INFO - Epoch [24/200] (300) train_loss: 0.6593, (0.4740 / 18.5374) val_loss: 0.6683, (0.4798 / 18.8480) lr: 0.001000, 14.8s
2022-02-22 10:06:37,302 - model.hagen_supervisor - INFO - test: The average macro-F1 score is 0.54082, average micro-F1 score is 0.61227
2022-02-22 10:06:37,303 - model.hagen_supervisor - WARNING - Early stopping at epoch: 24
2022-02-22 10:06:37,303 - model.hagen_supervisor - INFO - For the best epoch9: The average macro-F1 score is 0.54360, average micro-F1 score is 0.61051
