2022-02-22 10:32:41,942 - model.hagen_supervisor - INFO - Log directory: ./logs/12/ds4_rl2_gs65_alpha3_pa25_0222103241
2022-02-22 10:32:41,995 - model.hagen_supervisor - INFO - Model created
2022-02-22 10:32:42,001 - model.hagen_supervisor - INFO - Start training ...
2022-02-22 10:32:42,001 - model.hagen_supervisor - INFO - num_batches:12
2022-02-22 10:32:42,181 - model.hagen_supervisor - INFO - Total trainable parameters 770496
2022-02-22 10:32:56,373 - model.hagen_supervisor - INFO - val: The average macro-F1 score is 0.51123, average micro-F1 score is 0.59085
2022-02-22 10:32:56,374 - model.hagen_supervisor - INFO - Epoch [0/100] (12) train_loss: 0.7276, (0.5424 / 18.5210) val_loss: 0.6653, (0.4880 / 17.7283) lr: 0.010000, 14.4s
2022-02-22 10:32:57,218 - model.hagen_supervisor - INFO - test: The average macro-F1 score is 0.51376, average micro-F1 score is 0.58825
2022-02-22 10:32:57,431 - model.hagen_supervisor - INFO - Val F1 increase from 0.0000 to 0.5431, saving to ./logs/12/ds4_rl2_gs65_alpha3_pa25_0222103241/model.tar
2022-02-22 10:33:11,905 - model.hagen_supervisor - INFO - val: The average macro-F1 score is 0.52478, average micro-F1 score is 0.59945
2022-02-22 10:33:11,906 - model.hagen_supervisor - INFO - Epoch [1/100] (24) train_loss: 0.6715, (0.4871 / 18.4341) val_loss: 0.6578, (0.4807 / 17.7098) lr: 0.010000, 14.5s
2022-02-22 10:33:12,815 - model.hagen_supervisor - INFO - test: The average macro-F1 score is 0.52248, average micro-F1 score is 0.59550
2022-02-22 10:33:12,832 - model.hagen_supervisor - INFO - Val F1 increase from 0.5431 to 0.5546, saving to ./logs/12/ds4_rl2_gs65_alpha3_pa25_0222103241/model.tar
2022-02-22 10:33:26,654 - model.hagen_supervisor - INFO - val: The average macro-F1 score is 0.52615, average micro-F1 score is 0.60757
2022-02-22 10:33:26,655 - model.hagen_supervisor - INFO - Epoch [2/100] (36) train_loss: 0.6654, (0.4813 / 18.4114) val_loss: 0.6531, (0.4763 / 17.6863) lr: 0.010000, 13.8s
2022-02-22 10:33:27,581 - model.hagen_supervisor - INFO - test: The average macro-F1 score is 0.51838, average micro-F1 score is 0.59894
2022-02-22 10:33:27,600 - model.hagen_supervisor - INFO - Val F1 increase from 0.5546 to 0.5587, saving to ./logs/12/ds4_rl2_gs65_alpha3_pa25_0222103241/model.tar
2022-02-22 10:33:39,928 - model.hagen_supervisor - INFO - val: The average macro-F1 score is 0.52550, average micro-F1 score is 0.61211
2022-02-22 10:33:39,928 - model.hagen_supervisor - INFO - Epoch [3/100] (48) train_loss: 0.6619, (0.4784 / 18.3504) val_loss: 0.6506, (0.4744 / 17.6246) lr: 0.010000, 12.3s
2022-02-22 10:33:40,769 - model.hagen_supervisor - INFO - test: The average macro-F1 score is 0.51368, average micro-F1 score is 0.60179
2022-02-22 10:33:40,787 - model.hagen_supervisor - INFO - Val F1 increase from 0.5587 to 0.5601, saving to ./logs/12/ds4_rl2_gs65_alpha3_pa25_0222103241/model.tar
2022-02-22 10:33:54,028 - model.hagen_supervisor - INFO - val: The average macro-F1 score is 0.52856, average micro-F1 score is 0.61379
2022-02-22 10:33:54,028 - model.hagen_supervisor - INFO - Epoch [4/100] (60) train_loss: 0.6600, (0.4771 / 18.2974) val_loss: 0.6493, (0.4735 / 17.5791) lr: 0.010000, 13.2s
2022-02-22 10:33:55,002 - model.hagen_supervisor - INFO - test: The average macro-F1 score is 0.51992, average micro-F1 score is 0.60690
2022-02-22 10:33:55,040 - model.hagen_supervisor - INFO - Val F1 increase from 0.5601 to 0.5627, saving to ./logs/12/ds4_rl2_gs65_alpha3_pa25_0222103241/model.tar
2022-02-22 10:34:08,708 - model.hagen_supervisor - INFO - val: The average macro-F1 score is 0.52799, average micro-F1 score is 0.61235
2022-02-22 10:34:08,709 - model.hagen_supervisor - INFO - Epoch [5/100] (72) train_loss: 0.6583, (0.4757 / 18.2554) val_loss: 0.6487, (0.4732 / 17.5507) lr: 0.010000, 13.7s
2022-02-22 10:34:09,560 - model.hagen_supervisor - INFO - test: The average macro-F1 score is 0.51473, average micro-F1 score is 0.60322
2022-02-22 10:34:23,148 - model.hagen_supervisor - INFO - val: The average macro-F1 score is 0.52793, average micro-F1 score is 0.61474
2022-02-22 10:34:23,149 - model.hagen_supervisor - INFO - Epoch [6/100] (84) train_loss: 0.6572, (0.4748 / 18.2395) val_loss: 0.6493, (0.4739 / 17.5428) lr: 0.010000, 13.6s
2022-02-22 10:34:24,116 - model.hagen_supervisor - INFO - test: The average macro-F1 score is 0.51013, average micro-F1 score is 0.60084
2022-02-22 10:34:36,455 - model.hagen_supervisor - INFO - val: The average macro-F1 score is 0.52682, average micro-F1 score is 0.61259
2022-02-22 10:34:36,456 - model.hagen_supervisor - INFO - Epoch [7/100] (96) train_loss: 0.6570, (0.4749 / 18.2150) val_loss: 0.6472, (0.4720 / 17.5182) lr: 0.010000, 12.3s
2022-02-22 10:34:37,335 - model.hagen_supervisor - INFO - test: The average macro-F1 score is 0.51753, average micro-F1 score is 0.60381
2022-02-22 10:34:49,772 - model.hagen_supervisor - INFO - val: The average macro-F1 score is 0.52662, average micro-F1 score is 0.61586
2022-02-22 10:34:49,773 - model.hagen_supervisor - INFO - Epoch [8/100] (108) train_loss: 0.6557, (0.4737 / 18.2033) val_loss: 0.6456, (0.4707 / 17.4889) lr: 0.010000, 12.4s
2022-02-22 10:34:50,626 - model.hagen_supervisor - INFO - test: The average macro-F1 score is 0.51764, average micro-F1 score is 0.60952
2022-02-22 10:35:03,325 - model.hagen_supervisor - INFO - val: The average macro-F1 score is 0.52831, average micro-F1 score is 0.61426
2022-02-22 10:35:03,326 - model.hagen_supervisor - INFO - Epoch [9/100] (120) train_loss: 0.6542, (0.4722 / 18.2056) val_loss: 0.6464, (0.4714 / 17.4984) lr: 0.000100, 12.7s
2022-02-22 10:35:04,201 - model.hagen_supervisor - INFO - test: The average macro-F1 score is 0.52070, average micro-F1 score is 0.60571
2022-02-22 10:35:04,220 - model.hagen_supervisor - INFO - Val F1 increase from 0.5627 to 0.5627, saving to ./logs/12/ds4_rl2_gs65_alpha3_pa25_0222103241/model.tar
2022-02-22 10:35:16,751 - model.hagen_supervisor - INFO - val: The average macro-F1 score is 0.52443, average micro-F1 score is 0.61617
2022-02-22 10:35:16,751 - model.hagen_supervisor - INFO - Epoch [10/100] (132) train_loss: 0.6537, (0.4717 / 18.2063) val_loss: 0.6441, (0.4693 / 17.4844) lr: 0.001000, 12.5s
2022-02-22 10:35:17,607 - model.hagen_supervisor - INFO - test: The average macro-F1 score is 0.50669, average micro-F1 score is 0.60298
2022-02-22 10:35:29,903 - model.hagen_supervisor - INFO - val: The average macro-F1 score is 0.52717, average micro-F1 score is 0.60996
2022-02-22 10:35:29,904 - model.hagen_supervisor - INFO - Epoch [11/100] (144) train_loss: 0.6541, (0.4722 / 18.1845) val_loss: 0.6458, (0.4704 / 17.5384) lr: 0.001000, 12.3s
2022-02-22 10:35:30,843 - model.hagen_supervisor - INFO - test: The average macro-F1 score is 0.51900, average micro-F1 score is 0.60322
2022-02-22 10:35:43,166 - model.hagen_supervisor - INFO - val: The average macro-F1 score is 0.52678, average micro-F1 score is 0.61331
2022-02-22 10:35:43,166 - model.hagen_supervisor - INFO - Epoch [12/100] (156) train_loss: 0.6546, (0.4726 / 18.1987) val_loss: 0.6448, (0.4698 / 17.4999) lr: 0.001000, 12.3s
2022-02-22 10:35:43,977 - model.hagen_supervisor - INFO - test: The average macro-F1 score is 0.51827, average micro-F1 score is 0.60488
2022-02-22 10:35:56,172 - model.hagen_supervisor - INFO - val: The average macro-F1 score is 0.53417, average micro-F1 score is 0.61402
2022-02-22 10:35:56,172 - model.hagen_supervisor - INFO - Epoch [13/100] (168) train_loss: 0.6524, (0.4709 / 18.1485) val_loss: 0.6436, (0.4691 / 17.4459) lr: 0.001000, 12.2s
2022-02-22 10:35:57,056 - model.hagen_supervisor - INFO - test: The average macro-F1 score is 0.52351, average micro-F1 score is 0.60381
2022-02-22 10:35:57,077 - model.hagen_supervisor - INFO - Val F1 increase from 0.5627 to 0.5661, saving to ./logs/12/ds4_rl2_gs65_alpha3_pa25_0222103241/model.tar
2022-02-22 10:36:09,310 - model.hagen_supervisor - INFO - val: The average macro-F1 score is 0.53255, average micro-F1 score is 0.61307
2022-02-22 10:36:09,311 - model.hagen_supervisor - INFO - Epoch [14/100] (180) train_loss: 0.6532, (0.4720 / 18.1213) val_loss: 0.6451, (0.4710 / 17.4163) lr: 0.001000, 12.2s
2022-02-22 10:36:10,119 - model.hagen_supervisor - INFO - test: The average macro-F1 score is 0.52815, average micro-F1 score is 0.60488
2022-02-22 10:36:22,387 - model.hagen_supervisor - INFO - val: The average macro-F1 score is 0.52552, average micro-F1 score is 0.60710
2022-02-22 10:36:22,387 - model.hagen_supervisor - INFO - Epoch [15/100] (192) train_loss: 0.6540, (0.4727 / 18.1297) val_loss: 0.6457, (0.4714 / 17.4278) lr: 0.001000, 12.3s
2022-02-22 10:36:23,311 - model.hagen_supervisor - INFO - test: The average macro-F1 score is 0.52188, average micro-F1 score is 0.60286
2022-02-22 10:36:37,357 - model.hagen_supervisor - INFO - val: The average macro-F1 score is 0.52652, average micro-F1 score is 0.61331
2022-02-22 10:36:37,357 - model.hagen_supervisor - INFO - Epoch [16/100] (204) train_loss: 0.6516, (0.4707 / 18.0934) val_loss: 0.6438, (0.4701 / 17.3679) lr: 0.001000, 14.0s
2022-02-22 10:36:38,352 - model.hagen_supervisor - INFO - test: The average macro-F1 score is 0.52247, average micro-F1 score is 0.60821
2022-02-22 10:36:52,252 - model.hagen_supervisor - INFO - val: The average macro-F1 score is 0.53151, average micro-F1 score is 0.61092
2022-02-22 10:36:52,252 - model.hagen_supervisor - INFO - Epoch [17/100] (216) train_loss: 0.6536, (0.4727 / 18.0859) val_loss: 0.6449, (0.4710 / 17.3911) lr: 0.001000, 13.9s
2022-02-22 10:36:53,396 - model.hagen_supervisor - INFO - test: The average macro-F1 score is 0.52436, average micro-F1 score is 0.60274
2022-02-22 10:37:05,924 - model.hagen_supervisor - INFO - val: The average macro-F1 score is 0.52638, average micro-F1 score is 0.61164
2022-02-22 10:37:05,925 - model.hagen_supervisor - INFO - Epoch [18/100] (228) train_loss: 0.6531, (0.4723 / 18.0856) val_loss: 0.6449, (0.4707 / 17.4274) lr: 0.001000, 12.5s
2022-02-22 10:37:06,751 - model.hagen_supervisor - INFO - test: The average macro-F1 score is 0.52112, average micro-F1 score is 0.60465
2022-02-22 10:37:19,648 - model.hagen_supervisor - INFO - val: The average macro-F1 score is 0.52441, average micro-F1 score is 0.61068
2022-02-22 10:37:19,649 - model.hagen_supervisor - INFO - Epoch [19/100] (240) train_loss: 0.6539, (0.4726 / 18.1269) val_loss: 0.6435, (0.4693 / 17.4247) lr: 0.001000, 12.9s
2022-02-22 10:37:20,598 - model.hagen_supervisor - INFO - test: The average macro-F1 score is 0.51734, average micro-F1 score is 0.60405
2022-02-22 10:37:34,847 - model.hagen_supervisor - INFO - val: The average macro-F1 score is 0.52464, average micro-F1 score is 0.61068
2022-02-22 10:37:34,847 - model.hagen_supervisor - INFO - Epoch [20/100] (252) train_loss: 0.6528, (0.4719 / 18.0896) val_loss: 0.6452, (0.4712 / 17.3972) lr: 0.001000, 14.2s
2022-02-22 10:37:35,933 - model.hagen_supervisor - INFO - test: The average macro-F1 score is 0.51945, average micro-F1 score is 0.60251
2022-02-22 10:37:49,768 - model.hagen_supervisor - INFO - val: The average macro-F1 score is 0.53135, average micro-F1 score is 0.61402
2022-02-22 10:37:49,768 - model.hagen_supervisor - INFO - Epoch [21/100] (264) train_loss: 0.6527, (0.4725 / 18.0175) val_loss: 0.6449, (0.4716 / 17.3296) lr: 0.001000, 13.8s
2022-02-22 10:37:50,630 - model.hagen_supervisor - INFO - test: The average macro-F1 score is 0.52247, average micro-F1 score is 0.60512
2022-02-22 10:38:02,778 - model.hagen_supervisor - INFO - val: The average macro-F1 score is 0.53293, average micro-F1 score is 0.61379
2022-02-22 10:38:02,782 - model.hagen_supervisor - INFO - Epoch [22/100] (276) train_loss: 0.6522, (0.4719 / 18.0259) val_loss: 0.6436, (0.4704 / 17.3193) lr: 0.001000, 12.2s
2022-02-22 10:38:03,651 - model.hagen_supervisor - INFO - test: The average macro-F1 score is 0.52161, average micro-F1 score is 0.60263
2022-02-22 10:38:16,094 - model.hagen_supervisor - INFO - val: The average macro-F1 score is 0.52967, average micro-F1 score is 0.61283
2022-02-22 10:38:16,094 - model.hagen_supervisor - INFO - Epoch [23/100] (288) train_loss: 0.6519, (0.4720 / 17.9890) val_loss: 0.6437, (0.4706 / 17.3090) lr: 0.001000, 12.4s
2022-02-22 10:38:17,010 - model.hagen_supervisor - INFO - test: The average macro-F1 score is 0.51883, average micro-F1 score is 0.60203
2022-02-22 10:38:29,133 - model.hagen_supervisor - INFO - val: The average macro-F1 score is 0.53103, average micro-F1 score is 0.61474
2022-02-22 10:38:29,134 - model.hagen_supervisor - INFO - Epoch [24/100] (300) train_loss: 0.6510, (0.4712 / 17.9752) val_loss: 0.6420, (0.4693 / 17.2713) lr: 0.001000, 12.1s
2022-02-22 10:38:29,969 - model.hagen_supervisor - INFO - test: The average macro-F1 score is 0.51707, average micro-F1 score is 0.60453
2022-02-22 10:38:42,233 - model.hagen_supervisor - INFO - val: The average macro-F1 score is 0.52749, average micro-F1 score is 0.60423
2022-02-22 10:38:42,508 - model.hagen_supervisor - INFO - Epoch [25/100] (312) train_loss: 0.6518, (0.4722 / 17.9628) val_loss: 0.6477, (0.4739 / 17.3796) lr: 0.001000, 12.5s
2022-02-22 10:38:43,346 - model.hagen_supervisor - INFO - test: The average macro-F1 score is 0.52613, average micro-F1 score is 0.59942
2022-02-22 10:38:55,468 - model.hagen_supervisor - INFO - val: The average macro-F1 score is 0.53163, average micro-F1 score is 0.60925
2022-02-22 10:38:55,474 - model.hagen_supervisor - INFO - Epoch [26/100] (324) train_loss: 0.6551, (0.4748 / 18.0323) val_loss: 0.6451, (0.4718 / 17.3356) lr: 0.001000, 12.1s
2022-02-22 10:38:56,301 - model.hagen_supervisor - INFO - test: The average macro-F1 score is 0.52960, average micro-F1 score is 0.60298
2022-02-22 10:39:08,556 - model.hagen_supervisor - INFO - val: The average macro-F1 score is 0.52943, average micro-F1 score is 0.61426
2022-02-22 10:39:08,557 - model.hagen_supervisor - INFO - Epoch [27/100] (336) train_loss: 0.6525, (0.4725 / 17.9980) val_loss: 0.6431, (0.4704 / 17.2633) lr: 0.001000, 12.3s
2022-02-22 10:39:09,472 - model.hagen_supervisor - INFO - test: The average macro-F1 score is 0.52154, average micro-F1 score is 0.60667
2022-02-22 10:39:21,593 - model.hagen_supervisor - INFO - val: The average macro-F1 score is 0.53222, average micro-F1 score is 0.61594
2022-02-22 10:39:21,593 - model.hagen_supervisor - INFO - Epoch [28/100] (348) train_loss: 0.6508, (0.4714 / 17.9357) val_loss: 0.6415, (0.4694 / 17.2082) lr: 0.001000, 12.1s
2022-02-22 10:39:22,385 - model.hagen_supervisor - INFO - test: The average macro-F1 score is 0.52281, average micro-F1 score is 0.60429
2022-02-22 10:39:34,571 - model.hagen_supervisor - INFO - val: The average macro-F1 score is 0.53252, average micro-F1 score is 0.61211
2022-02-22 10:39:34,572 - model.hagen_supervisor - INFO - Epoch [29/100] (360) train_loss: 0.6497, (0.4706 / 17.9040) val_loss: 0.6414, (0.4691 / 17.2317) lr: 0.000010, 12.2s
2022-02-22 10:39:35,370 - model.hagen_supervisor - INFO - test: The average macro-F1 score is 0.52498, average micro-F1 score is 0.60227
2022-02-22 10:39:48,030 - model.hagen_supervisor - INFO - val: The average macro-F1 score is 0.53417, average micro-F1 score is 0.61570
2022-02-22 10:39:48,030 - model.hagen_supervisor - INFO - Epoch [30/100] (372) train_loss: 0.6492, (0.4703 / 17.8880) val_loss: 0.6407, (0.4689 / 17.1742) lr: 0.000100, 12.7s
2022-02-22 10:39:49,094 - model.hagen_supervisor - INFO - test: The average macro-F1 score is 0.52734, average micro-F1 score is 0.60690
2022-02-22 10:39:49,117 - model.hagen_supervisor - INFO - Val F1 increase from 0.5661 to 0.5668, saving to ./logs/12/ds4_rl2_gs65_alpha3_pa25_0222103241/model.tar
2022-02-22 10:40:03,134 - model.hagen_supervisor - INFO - val: The average macro-F1 score is 0.52844, average micro-F1 score is 0.61235
2022-02-22 10:40:03,134 - model.hagen_supervisor - INFO - Epoch [31/100] (384) train_loss: 0.6485, (0.4699 / 17.8547) val_loss: 0.6394, (0.4680 / 17.1458) lr: 0.000100, 14.0s
2022-02-22 10:40:04,240 - model.hagen_supervisor - INFO - test: The average macro-F1 score is 0.51937, average micro-F1 score is 0.60370
2022-02-22 10:40:18,230 - model.hagen_supervisor - INFO - val: The average macro-F1 score is 0.53204, average micro-F1 score is 0.61594
2022-02-22 10:40:18,230 - model.hagen_supervisor - INFO - Epoch [32/100] (396) train_loss: 0.6471, (0.4691 / 17.8069) val_loss: 0.6387, (0.4675 / 17.1202) lr: 0.000100, 14.0s
2022-02-22 10:40:19,224 - model.hagen_supervisor - INFO - test: The average macro-F1 score is 0.52213, average micro-F1 score is 0.60773
2022-02-22 10:40:31,485 - model.hagen_supervisor - INFO - val: The average macro-F1 score is 0.53053, average micro-F1 score is 0.61785
2022-02-22 10:40:31,486 - model.hagen_supervisor - INFO - Epoch [33/100] (408) train_loss: 0.6464, (0.4686 / 17.7832) val_loss: 0.6381, (0.4670 / 17.1112) lr: 0.000100, 12.3s
2022-02-22 10:40:32,355 - model.hagen_supervisor - INFO - test: The average macro-F1 score is 0.52347, average micro-F1 score is 0.60845
2022-02-22 10:40:45,144 - model.hagen_supervisor - INFO - val: The average macro-F1 score is 0.53114, average micro-F1 score is 0.61665
2022-02-22 10:40:45,144 - model.hagen_supervisor - INFO - Epoch [34/100] (420) train_loss: 0.6458, (0.4682 / 17.7612) val_loss: 0.6391, (0.4682 / 17.0857) lr: 0.000100, 12.8s
2022-02-22 10:40:46,093 - model.hagen_supervisor - INFO - test: The average macro-F1 score is 0.52182, average micro-F1 score is 0.60595
2022-02-22 10:40:59,611 - model.hagen_supervisor - INFO - val: The average macro-F1 score is 0.53296, average micro-F1 score is 0.61809
2022-02-22 10:40:59,611 - model.hagen_supervisor - INFO - Epoch [35/100] (432) train_loss: 0.6455, (0.4681 / 17.7368) val_loss: 0.6381, (0.4676 / 17.0500) lr: 0.000100, 13.5s
2022-02-22 10:41:00,599 - model.hagen_supervisor - INFO - test: The average macro-F1 score is 0.52069, average micro-F1 score is 0.60548
2022-02-22 10:41:00,618 - model.hagen_supervisor - INFO - Val F1 increase from 0.5668 to 0.5670, saving to ./logs/12/ds4_rl2_gs65_alpha3_pa25_0222103241/model.tar
2022-02-22 10:41:14,078 - model.hagen_supervisor - INFO - val: The average macro-F1 score is 0.53075, average micro-F1 score is 0.61426
2022-02-22 10:41:14,078 - model.hagen_supervisor - INFO - Epoch [36/100] (444) train_loss: 0.6462, (0.4688 / 17.7342) val_loss: 0.6387, (0.4678 / 17.0896) lr: 0.000100, 13.5s
2022-02-22 10:41:14,893 - model.hagen_supervisor - INFO - test: The average macro-F1 score is 0.51896, average micro-F1 score is 0.60310
2022-02-22 10:41:27,158 - model.hagen_supervisor - INFO - val: The average macro-F1 score is 0.53484, average micro-F1 score is 0.61259
2022-02-22 10:41:27,159 - model.hagen_supervisor - INFO - Epoch [37/100] (456) train_loss: 0.6462, (0.4690 / 17.7171) val_loss: 0.6398, (0.4692 / 17.0610) lr: 0.000100, 12.3s
2022-02-22 10:41:27,916 - model.hagen_supervisor - INFO - test: The average macro-F1 score is 0.52923, average micro-F1 score is 0.60583
2022-02-22 10:41:40,158 - model.hagen_supervisor - INFO - val: The average macro-F1 score is 0.53319, average micro-F1 score is 0.60972
2022-02-22 10:41:40,158 - model.hagen_supervisor - INFO - Epoch [38/100] (468) train_loss: 0.6470, (0.4696 / 17.7440) val_loss: 0.6396, (0.4692 / 17.0447) lr: 0.000100, 12.2s
2022-02-22 10:41:40,976 - model.hagen_supervisor - INFO - test: The average macro-F1 score is 0.52345, average micro-F1 score is 0.60049
2022-02-22 10:41:53,281 - model.hagen_supervisor - INFO - val: The average macro-F1 score is 0.52972, average micro-F1 score is 0.61187
2022-02-22 10:41:53,282 - model.hagen_supervisor - INFO - Epoch [39/100] (480) train_loss: 0.6485, (0.4709 / 17.7614) val_loss: 0.6407, (0.4697 / 17.0952) lr: 0.000001, 12.3s
2022-02-22 10:41:54,101 - model.hagen_supervisor - INFO - test: The average macro-F1 score is 0.52155, average micro-F1 score is 0.60227
2022-02-22 10:42:06,309 - model.hagen_supervisor - INFO - val: The average macro-F1 score is 0.53179, average micro-F1 score is 0.61594
2022-02-22 10:42:06,310 - model.hagen_supervisor - INFO - Epoch [40/100] (492) train_loss: 0.6479, (0.4706 / 17.7327) val_loss: 0.6382, (0.4676 / 17.0629) lr: 0.000010, 12.2s
2022-02-22 10:42:07,156 - model.hagen_supervisor - INFO - test: The average macro-F1 score is 0.51990, average micro-F1 score is 0.60405
2022-02-22 10:42:19,225 - model.hagen_supervisor - INFO - val: The average macro-F1 score is 0.52446, average micro-F1 score is 0.61515
2022-02-22 10:42:19,225 - model.hagen_supervisor - INFO - Epoch [41/100] (504) train_loss: 0.6454, (0.4684 / 17.6931) val_loss: 0.6387, (0.4684 / 17.0337) lr: 0.000010, 12.1s
2022-02-22 10:42:20,145 - model.hagen_supervisor - INFO - test: The average macro-F1 score is 0.51784, average micro-F1 score is 0.60869
2022-02-22 10:42:32,477 - model.hagen_supervisor - INFO - val: The average macro-F1 score is 0.53084, average micro-F1 score is 0.62071
2022-02-22 10:42:32,478 - model.hagen_supervisor - INFO - Epoch [42/100] (516) train_loss: 0.6440, (0.4675 / 17.6478) val_loss: 0.6367, (0.4668 / 16.9850) lr: 0.000010, 12.3s
2022-02-22 10:42:33,329 - model.hagen_supervisor - INFO - test: The average macro-F1 score is 0.51701, average micro-F1 score is 0.60845
2022-02-22 10:42:45,808 - model.hagen_supervisor - INFO - val: The average macro-F1 score is 0.53288, average micro-F1 score is 0.61976
2022-02-22 10:42:45,808 - model.hagen_supervisor - INFO - Epoch [43/100] (528) train_loss: 0.6435, (0.4673 / 17.6218) val_loss: 0.6362, (0.4662 / 17.0023) lr: 0.000010, 12.5s
2022-02-22 10:42:46,742 - model.hagen_supervisor - INFO - test: The average macro-F1 score is 0.52393, average micro-F1 score is 0.61023
2022-02-22 10:42:46,760 - model.hagen_supervisor - INFO - Val F1 increase from 0.5670 to 0.5676, saving to ./logs/12/ds4_rl2_gs65_alpha3_pa25_0222103241/model.tar
2022-02-22 10:42:58,969 - model.hagen_supervisor - INFO - val: The average macro-F1 score is 0.53310, average micro-F1 score is 0.61904
2022-02-22 10:42:58,970 - model.hagen_supervisor - INFO - Epoch [44/100] (540) train_loss: 0.6437, (0.4676 / 17.6189) val_loss: 0.6369, (0.4672 / 16.9737) lr: 0.000010, 12.2s
2022-02-22 10:42:59,800 - model.hagen_supervisor - INFO - test: The average macro-F1 score is 0.52050, average micro-F1 score is 0.60536
2022-02-22 10:43:11,977 - model.hagen_supervisor - INFO - val: The average macro-F1 score is 0.53166, average micro-F1 score is 0.61402
2022-02-22 10:43:11,978 - model.hagen_supervisor - INFO - Epoch [45/100] (552) train_loss: 0.6430, (0.4671 / 17.5948) val_loss: 0.6362, (0.4665 / 16.9720) lr: 0.000010, 12.2s
2022-02-22 10:43:12,959 - model.hagen_supervisor - INFO - test: The average macro-F1 score is 0.52669, average micro-F1 score is 0.60738
2022-02-22 10:43:26,577 - model.hagen_supervisor - INFO - val: The average macro-F1 score is 0.53089, average micro-F1 score is 0.62048
2022-02-22 10:43:26,577 - model.hagen_supervisor - INFO - Epoch [46/100] (564) train_loss: 0.6424, (0.4667 / 17.5619) val_loss: 0.6353, (0.4664 / 16.8892) lr: 0.000010, 13.6s
2022-02-22 10:43:27,566 - model.hagen_supervisor - INFO - test: The average macro-F1 score is 0.52138, average micro-F1 score is 0.61130
2022-02-22 10:43:41,209 - model.hagen_supervisor - INFO - val: The average macro-F1 score is 0.53029, average micro-F1 score is 0.61617
2022-02-22 10:43:41,209 - model.hagen_supervisor - INFO - Epoch [47/100] (576) train_loss: 0.6419, (0.4666 / 17.5348) val_loss: 0.6365, (0.4675 / 16.9040) lr: 0.000010, 13.6s
2022-02-22 10:43:42,211 - model.hagen_supervisor - INFO - test: The average macro-F1 score is 0.52215, average micro-F1 score is 0.60690
2022-02-22 10:43:54,520 - model.hagen_supervisor - INFO - val: The average macro-F1 score is 0.53214, average micro-F1 score is 0.62000
2022-02-22 10:43:54,520 - model.hagen_supervisor - INFO - Epoch [48/100] (588) train_loss: 0.6423, (0.4670 / 17.5311) val_loss: 0.6363, (0.4674 / 16.8844) lr: 0.000010, 12.3s
2022-02-22 10:43:55,442 - model.hagen_supervisor - INFO - test: The average macro-F1 score is 0.52280, average micro-F1 score is 0.60785
2022-02-22 10:44:08,135 - model.hagen_supervisor - INFO - val: The average macro-F1 score is 0.52654, average micro-F1 score is 0.60949
2022-02-22 10:44:08,136 - model.hagen_supervisor - INFO - Epoch [49/100] (600) train_loss: 0.6430, (0.4675 / 17.5568) val_loss: 0.6385, (0.4685 / 17.0047) lr: 0.000000, 12.7s
2022-02-22 10:44:09,171 - model.hagen_supervisor - INFO - test: The average macro-F1 score is 0.52314, average micro-F1 score is 0.60370
2022-02-22 10:44:23,593 - model.hagen_supervisor - INFO - val: The average macro-F1 score is 0.52815, average micro-F1 score is 0.61379
2022-02-22 10:44:23,594 - model.hagen_supervisor - INFO - Epoch [50/100] (612) train_loss: 0.6440, (0.4680 / 17.5988) val_loss: 0.6370, (0.4678 / 16.9182) lr: 0.000001, 14.4s
2022-02-22 10:44:24,479 - model.hagen_supervisor - INFO - test: The average macro-F1 score is 0.52185, average micro-F1 score is 0.60678
2022-02-22 10:44:38,130 - model.hagen_supervisor - INFO - val: The average macro-F1 score is 0.53082, average micro-F1 score is 0.61952
2022-02-22 10:44:38,130 - model.hagen_supervisor - INFO - Epoch [51/100] (624) train_loss: 0.6434, (0.4678 / 17.5599) val_loss: 0.6360, (0.4669 / 16.9042) lr: 0.000001, 13.7s
2022-02-22 10:44:38,959 - model.hagen_supervisor - INFO - test: The average macro-F1 score is 0.52353, average micro-F1 score is 0.61201
2022-02-22 10:44:51,218 - model.hagen_supervisor - INFO - val: The average macro-F1 score is 0.53219, average micro-F1 score is 0.61092
2022-02-22 10:44:51,218 - model.hagen_supervisor - INFO - Epoch [52/100] (636) train_loss: 0.6431, (0.4674 / 17.5710) val_loss: 0.6377, (0.4679 / 16.9874) lr: 0.000001, 12.3s
2022-02-22 10:44:52,035 - model.hagen_supervisor - INFO - test: The average macro-F1 score is 0.52266, average micro-F1 score is 0.60191
2022-02-22 10:45:04,213 - model.hagen_supervisor - INFO - val: The average macro-F1 score is 0.53299, average micro-F1 score is 0.61737
2022-02-22 10:45:04,213 - model.hagen_supervisor - INFO - Epoch [53/100] (648) train_loss: 0.6478, (0.4707 / 17.7093) val_loss: 0.6418, (0.4701 / 17.1699) lr: 0.000001, 12.2s
2022-02-22 10:45:05,149 - model.hagen_supervisor - INFO - test: The average macro-F1 score is 0.52555, average micro-F1 score is 0.60797
2022-02-22 10:45:17,475 - model.hagen_supervisor - INFO - val: The average macro-F1 score is 0.52699, average micro-F1 score is 0.61259
2022-02-22 10:45:17,476 - model.hagen_supervisor - INFO - Epoch [54/100] (660) train_loss: 0.6496, (0.4711 / 17.8569) val_loss: 0.6397, (0.4681 / 17.1620) lr: 0.000001, 12.3s
2022-02-22 10:45:18,350 - model.hagen_supervisor - INFO - test: The average macro-F1 score is 0.51932, average micro-F1 score is 0.60393
2022-02-22 10:45:30,598 - model.hagen_supervisor - INFO - val: The average macro-F1 score is 0.52946, average micro-F1 score is 0.61856
2022-02-22 10:45:30,599 - model.hagen_supervisor - INFO - Epoch [55/100] (672) train_loss: 0.6460, (0.4687 / 17.7378) val_loss: 0.6363, (0.4661 / 17.0233) lr: 0.000001, 12.2s
2022-02-22 10:45:31,444 - model.hagen_supervisor - INFO - test: The average macro-F1 score is 0.51947, average micro-F1 score is 0.61082
2022-02-22 10:45:43,524 - model.hagen_supervisor - INFO - val: The average macro-F1 score is 0.53028, average micro-F1 score is 0.62048
2022-02-22 10:45:43,525 - model.hagen_supervisor - INFO - Epoch [56/100] (684) train_loss: 0.6437, (0.4673 / 17.6394) val_loss: 0.6357, (0.4660 / 16.9695) lr: 0.000001, 12.1s
2022-02-22 10:45:44,347 - model.hagen_supervisor - INFO - test: The average macro-F1 score is 0.51952, average micro-F1 score is 0.61154
2022-02-22 10:45:56,775 - model.hagen_supervisor - INFO - val: The average macro-F1 score is 0.53437, average micro-F1 score is 0.62119
2022-02-22 10:45:56,777 - model.hagen_supervisor - INFO - Epoch [57/100] (696) train_loss: 0.6428, (0.4672 / 17.5690) val_loss: 0.6356, (0.4663 / 16.9277) lr: 0.000001, 12.4s
2022-02-22 10:45:57,741 - model.hagen_supervisor - INFO - test: The average macro-F1 score is 0.51990, average micro-F1 score is 0.60773
2022-02-22 10:45:57,760 - model.hagen_supervisor - INFO - Val F1 increase from 0.5676 to 0.5691, saving to ./logs/12/ds4_rl2_gs65_alpha3_pa25_0222103241/model.tar
2022-02-22 10:46:10,009 - model.hagen_supervisor - INFO - val: The average macro-F1 score is 0.52802, average micro-F1 score is 0.61785
2022-02-22 10:46:10,011 - model.hagen_supervisor - INFO - Epoch [58/100] (708) train_loss: 0.6421, (0.4667 / 17.5364) val_loss: 0.6357, (0.4665 / 16.9175) lr: 0.000001, 12.3s
2022-02-22 10:46:10,822 - model.hagen_supervisor - INFO - test: The average macro-F1 score is 0.51942, average micro-F1 score is 0.60690
2022-02-22 10:46:22,949 - model.hagen_supervisor - INFO - val: The average macro-F1 score is 0.53001, average micro-F1 score is 0.61928
2022-02-22 10:46:22,949 - model.hagen_supervisor - INFO - Epoch [59/100] (720) train_loss: 0.6419, (0.4667 / 17.5282) val_loss: 0.6340, (0.4651 / 16.8882) lr: 0.000001, 12.1s
2022-02-22 10:46:23,741 - model.hagen_supervisor - INFO - test: The average macro-F1 score is 0.52164, average micro-F1 score is 0.61106
2022-02-22 10:46:36,102 - model.hagen_supervisor - INFO - val: The average macro-F1 score is 0.52805, average micro-F1 score is 0.61164
2022-02-22 10:46:36,105 - model.hagen_supervisor - INFO - Epoch [60/100] (732) train_loss: 0.6426, (0.4672 / 17.5431) val_loss: 0.6366, (0.4666 / 16.9994) lr: 0.000001, 12.4s
2022-02-22 10:46:37,120 - model.hagen_supervisor - INFO - test: The average macro-F1 score is 0.52066, average micro-F1 score is 0.60179
2022-02-22 10:46:50,901 - model.hagen_supervisor - INFO - val: The average macro-F1 score is 0.53261, average micro-F1 score is 0.61355
2022-02-22 10:46:50,901 - model.hagen_supervisor - INFO - Epoch [61/100] (744) train_loss: 0.6433, (0.4676 / 17.5692) val_loss: 0.6364, (0.4674 / 16.9004) lr: 0.000001, 13.8s
2022-02-22 10:46:51,921 - model.hagen_supervisor - INFO - test: The average macro-F1 score is 0.52497, average micro-F1 score is 0.60619
2022-02-22 10:47:05,379 - model.hagen_supervisor - INFO - val: The average macro-F1 score is 0.52806, average micro-F1 score is 0.61713
2022-02-22 10:47:05,379 - model.hagen_supervisor - INFO - Epoch [62/100] (756) train_loss: 0.6420, (0.4669 / 17.5100) val_loss: 0.6341, (0.4655 / 16.8585) lr: 0.000001, 13.5s
2022-02-22 10:47:06,254 - model.hagen_supervisor - INFO - test: The average macro-F1 score is 0.52267, average micro-F1 score is 0.61213
2022-02-22 10:47:19,009 - model.hagen_supervisor - INFO - val: The average macro-F1 score is 0.53340, average micro-F1 score is 0.62000
2022-02-22 10:47:19,010 - model.hagen_supervisor - INFO - Epoch [63/100] (768) train_loss: 0.6414, (0.4665 / 17.4937) val_loss: 0.6354, (0.4670 / 16.8427) lr: 0.000001, 12.8s
2022-02-22 10:47:19,862 - model.hagen_supervisor - INFO - test: The average macro-F1 score is 0.52068, average micro-F1 score is 0.60857
2022-02-22 10:47:32,218 - model.hagen_supervisor - INFO - val: The average macro-F1 score is 0.52849, average micro-F1 score is 0.61546
2022-02-22 10:47:32,219 - model.hagen_supervisor - INFO - Epoch [64/100] (780) train_loss: 0.6410, (0.4665 / 17.4529) val_loss: 0.6359, (0.4674 / 16.8544) lr: 0.000001, 12.4s
2022-02-22 10:47:33,117 - model.hagen_supervisor - INFO - test: The average macro-F1 score is 0.51723, average micro-F1 score is 0.60714
2022-02-22 10:47:46,344 - model.hagen_supervisor - INFO - val: The average macro-F1 score is 0.53297, average micro-F1 score is 0.61522
2022-02-22 10:47:46,344 - model.hagen_supervisor - INFO - Epoch [65/100] (792) train_loss: 0.6418, (0.4669 / 17.4903) val_loss: 0.6356, (0.4668 / 16.8772) lr: 0.000001, 13.2s
2022-02-22 10:47:47,315 - model.hagen_supervisor - INFO - test: The average macro-F1 score is 0.52397, average micro-F1 score is 0.60476
2022-02-22 10:48:00,611 - model.hagen_supervisor - INFO - val: The average macro-F1 score is 0.53054, average micro-F1 score is 0.62000
2022-02-22 10:48:00,611 - model.hagen_supervisor - INFO - Epoch [66/100] (804) train_loss: 0.6428, (0.4677 / 17.5089) val_loss: 0.6364, (0.4675 / 16.8923) lr: 0.000001, 13.3s
2022-02-22 10:48:01,634 - model.hagen_supervisor - INFO - test: The average macro-F1 score is 0.52149, average micro-F1 score is 0.61047
2022-02-22 10:48:14,147 - model.hagen_supervisor - INFO - val: The average macro-F1 score is 0.53102, average micro-F1 score is 0.61546
2022-02-22 10:48:14,147 - model.hagen_supervisor - INFO - Epoch [67/100] (816) train_loss: 0.6419, (0.4671 / 17.4764) val_loss: 0.6348, (0.4663 / 16.8454) lr: 0.000001, 12.5s
2022-02-22 10:48:14,998 - model.hagen_supervisor - INFO - test: The average macro-F1 score is 0.52166, average micro-F1 score is 0.60524
2022-02-22 10:48:27,032 - model.hagen_supervisor - INFO - val: The average macro-F1 score is 0.52938, average micro-F1 score is 0.61904
2022-02-22 10:48:27,032 - model.hagen_supervisor - INFO - Epoch [68/100] (828) train_loss: 0.6408, (0.4663 / 17.4459) val_loss: 0.6351, (0.4673 / 16.7818) lr: 0.000001, 12.0s
2022-02-22 10:48:27,886 - model.hagen_supervisor - INFO - test: The average macro-F1 score is 0.51316, average micro-F1 score is 0.60714
2022-02-22 10:48:40,212 - model.hagen_supervisor - INFO - val: The average macro-F1 score is 0.52964, average micro-F1 score is 0.61737
2022-02-22 10:48:40,213 - model.hagen_supervisor - INFO - Epoch [69/100] (840) train_loss: 0.6402, (0.4661 / 17.4102) val_loss: 0.6342, (0.4662 / 16.8000) lr: 0.000001, 12.3s
2022-02-22 10:48:41,029 - model.hagen_supervisor - INFO - test: The average macro-F1 score is 0.51970, average micro-F1 score is 0.60631
2022-02-22 10:48:53,330 - model.hagen_supervisor - INFO - val: The average macro-F1 score is 0.52548, average micro-F1 score is 0.61976
2022-02-22 10:48:53,330 - model.hagen_supervisor - INFO - Epoch [70/100] (852) train_loss: 0.6416, (0.4671 / 17.4446) val_loss: 0.6353, (0.4669 / 16.8395) lr: 0.000001, 12.3s
2022-02-22 10:48:54,208 - model.hagen_supervisor - INFO - test: The average macro-F1 score is 0.51754, average micro-F1 score is 0.61213
2022-02-22 10:49:06,547 - model.hagen_supervisor - INFO - val: The average macro-F1 score is 0.52541, average micro-F1 score is 0.61211
2022-02-22 10:49:06,547 - model.hagen_supervisor - INFO - Epoch [71/100] (864) train_loss: 0.6431, (0.4681 / 17.4965) val_loss: 0.6373, (0.4687 / 16.8611) lr: 0.000001, 12.3s
2022-02-22 10:49:07,457 - model.hagen_supervisor - INFO - test: The average macro-F1 score is 0.52066, average micro-F1 score is 0.60465
2022-02-22 10:49:20,253 - model.hagen_supervisor - INFO - val: The average macro-F1 score is 0.52746, average micro-F1 score is 0.61689
2022-02-22 10:49:20,253 - model.hagen_supervisor - INFO - Epoch [72/100] (876) train_loss: 0.6422, (0.4677 / 17.4590) val_loss: 0.6356, (0.4670 / 16.8672) lr: 0.000001, 12.8s
2022-02-22 10:49:21,127 - model.hagen_supervisor - INFO - test: The average macro-F1 score is 0.51244, average micro-F1 score is 0.60346
2022-02-22 10:49:33,173 - model.hagen_supervisor - INFO - val: The average macro-F1 score is 0.52732, average micro-F1 score is 0.61904
2022-02-22 10:49:33,173 - model.hagen_supervisor - INFO - Epoch [73/100] (888) train_loss: 0.6417, (0.4670 / 17.4652) val_loss: 0.6349, (0.4666 / 16.8219) lr: 0.000001, 12.0s
2022-02-22 10:49:34,061 - model.hagen_supervisor - INFO - test: The average macro-F1 score is 0.52010, average micro-F1 score is 0.61011
2022-02-22 10:49:46,310 - model.hagen_supervisor - INFO - val: The average macro-F1 score is 0.52935, average micro-F1 score is 0.61594
2022-02-22 10:49:46,311 - model.hagen_supervisor - INFO - Epoch [74/100] (900) train_loss: 0.6412, (0.4668 / 17.4435) val_loss: 0.6346, (0.4662 / 16.8327) lr: 0.000001, 12.2s
2022-02-22 10:49:47,188 - model.hagen_supervisor - INFO - test: The average macro-F1 score is 0.52091, average micro-F1 score is 0.60940
2022-02-22 10:49:59,421 - model.hagen_supervisor - INFO - val: The average macro-F1 score is 0.53096, average micro-F1 score is 0.62071
2022-02-22 10:49:59,421 - model.hagen_supervisor - INFO - Epoch [75/100] (912) train_loss: 0.6402, (0.4661 / 17.4164) val_loss: 0.6331, (0.4654 / 16.7669) lr: 0.000001, 12.2s
2022-02-22 10:50:00,263 - model.hagen_supervisor - INFO - test: The average macro-F1 score is 0.51972, average micro-F1 score is 0.61082
2022-02-22 10:50:13,779 - model.hagen_supervisor - INFO - val: The average macro-F1 score is 0.53020, average micro-F1 score is 0.61737
2022-02-22 10:50:13,780 - model.hagen_supervisor - INFO - Epoch [76/100] (924) train_loss: 0.6396, (0.4658 / 17.3841) val_loss: 0.6334, (0.4658 / 16.7639) lr: 0.000001, 13.5s
2022-02-22 10:50:14,718 - model.hagen_supervisor - INFO - test: The average macro-F1 score is 0.52473, average micro-F1 score is 0.60821
2022-02-22 10:50:28,820 - model.hagen_supervisor - INFO - val: The average macro-F1 score is 0.53244, average micro-F1 score is 0.61856
2022-02-22 10:50:28,821 - model.hagen_supervisor - INFO - Epoch [77/100] (936) train_loss: 0.6391, (0.4655 / 17.3616) val_loss: 0.6328, (0.4655 / 16.7340) lr: 0.000001, 14.1s
2022-02-22 10:50:29,790 - model.hagen_supervisor - INFO - test: The average macro-F1 score is 0.52322, average micro-F1 score is 0.60940
2022-02-22 10:50:42,346 - model.hagen_supervisor - INFO - val: The average macro-F1 score is 0.53161, average micro-F1 score is 0.61976
2022-02-22 10:50:42,346 - model.hagen_supervisor - INFO - Epoch [78/100] (948) train_loss: 0.6392, (0.4657 / 17.3493) val_loss: 0.6335, (0.4663 / 16.7234) lr: 0.000001, 12.6s
2022-02-22 10:50:43,201 - model.hagen_supervisor - INFO - test: The average macro-F1 score is 0.52062, average micro-F1 score is 0.60916
2022-02-22 10:50:55,264 - model.hagen_supervisor - INFO - val: The average macro-F1 score is 0.53255, average micro-F1 score is 0.62000
2022-02-22 10:50:55,264 - model.hagen_supervisor - INFO - Epoch [79/100] (960) train_loss: 0.6391, (0.4656 / 17.3489) val_loss: 0.6331, (0.4658 / 16.7308) lr: 0.000001, 12.1s
2022-02-22 10:50:56,336 - model.hagen_supervisor - INFO - test: The average macro-F1 score is 0.52292, average micro-F1 score is 0.60892
2022-02-22 10:51:10,225 - model.hagen_supervisor - INFO - val: The average macro-F1 score is 0.52974, average micro-F1 score is 0.61761
2022-02-22 10:51:10,226 - model.hagen_supervisor - INFO - Epoch [80/100] (972) train_loss: 0.6393, (0.4657 / 17.3555) val_loss: 0.6338, (0.4668 / 16.7061) lr: 0.000001, 13.9s
2022-02-22 10:51:11,172 - model.hagen_supervisor - INFO - test: The average macro-F1 score is 0.52027, average micro-F1 score is 0.60857
2022-02-22 10:51:25,403 - model.hagen_supervisor - INFO - val: The average macro-F1 score is 0.52806, average micro-F1 score is 0.61402
2022-02-22 10:51:25,403 - model.hagen_supervisor - INFO - Epoch [81/100] (984) train_loss: 0.6403, (0.4666 / 17.3686) val_loss: 0.6374, (0.4688 / 16.8614) lr: 0.000001, 14.2s
2022-02-22 10:51:26,281 - model.hagen_supervisor - INFO - test: The average macro-F1 score is 0.52100, average micro-F1 score is 0.60595
2022-02-22 10:51:39,977 - model.hagen_supervisor - INFO - val: The average macro-F1 score is 0.53195, average micro-F1 score is 0.61116
2022-02-22 10:51:39,977 - model.hagen_supervisor - INFO - Epoch [82/100] (996) train_loss: 0.6430, (0.4684 / 17.4668) val_loss: 0.6357, (0.4673 / 16.8467) lr: 0.000001, 13.7s
2022-02-22 10:51:40,833 - model.hagen_supervisor - INFO - test: The average macro-F1 score is 0.52779, average micro-F1 score is 0.60405
2022-02-22 10:51:40,833 - model.hagen_supervisor - WARNING - Early stopping at epoch: 82
2022-02-22 10:51:40,834 - model.hagen_supervisor - INFO - For the best epoch57: The average macro-F1 score is 0.51990, average micro-F1 score is 0.60773
