2022-02-22 09:54:29,582 - model.hagen_supervisor - INFO - Log directory: ./logs/9/ds2_rl2_gs50_alpha3_pa15_0222095429
2022-02-22 09:54:29,627 - model.hagen_supervisor - INFO - Model created
2022-02-22 09:54:29,633 - model.hagen_supervisor - INFO - Start training ...
2022-02-22 09:54:29,633 - model.hagen_supervisor - INFO - num_batches:12
2022-02-22 09:54:29,753 - model.hagen_supervisor - INFO - Total trainable parameters 463296
2022-02-22 09:54:43,595 - model.hagen_supervisor - INFO - val: The average macro-F1 score is 0.50868, average micro-F1 score is 0.58033
2022-02-22 09:54:43,596 - model.hagen_supervisor - INFO - Epoch [0/100] (12) train_loss: 0.7349, (0.5472 / 18.7711) val_loss: 0.6778, (0.4981 / 17.9692) lr: 0.010000, 14.0s
2022-02-22 09:54:44,319 - model.hagen_supervisor - INFO - test: The average macro-F1 score is 0.51639, average micro-F1 score is 0.58415
2022-02-22 09:54:44,363 - model.hagen_supervisor - INFO - Val F1 increase from 0.0000 to 0.5373, saving to ./logs/9/ds2_rl2_gs50_alpha3_pa15_0222095429/model.tar
2022-02-22 09:54:55,929 - model.hagen_supervisor - INFO - val: The average macro-F1 score is 0.52469, average micro-F1 score is 0.59684
2022-02-22 09:54:55,929 - model.hagen_supervisor - INFO - Epoch [1/100] (24) train_loss: 0.6827, (0.4972 / 18.5438) val_loss: 0.6697, (0.4908 / 17.8897) lr: 0.010000, 11.6s
2022-02-22 09:54:56,688 - model.hagen_supervisor - INFO - test: The average macro-F1 score is 0.52902, average micro-F1 score is 0.60114
2022-02-22 09:54:56,710 - model.hagen_supervisor - INFO - Val F1 increase from 0.5373 to 0.5535, saving to ./logs/9/ds2_rl2_gs50_alpha3_pa15_0222095429/model.tar
2022-02-22 09:55:08,672 - model.hagen_supervisor - INFO - val: The average macro-F1 score is 0.52037, average micro-F1 score is 0.58953
2022-02-22 09:55:08,673 - model.hagen_supervisor - INFO - Epoch [2/100] (36) train_loss: 0.6761, (0.4920 / 18.4155) val_loss: 0.6662, (0.4887 / 17.7509) lr: 0.010000, 12.0s
2022-02-22 09:55:09,423 - model.hagen_supervisor - INFO - test: The average macro-F1 score is 0.52899, average micro-F1 score is 0.59738
2022-02-22 09:55:21,088 - model.hagen_supervisor - INFO - val: The average macro-F1 score is 0.52924, average micro-F1 score is 0.59519
2022-02-22 09:55:21,088 - model.hagen_supervisor - INFO - Epoch [3/100] (48) train_loss: 0.6732, (0.4900 / 18.3136) val_loss: 0.6646, (0.4869 / 17.7766) lr: 0.010000, 11.7s
2022-02-22 09:55:21,787 - model.hagen_supervisor - INFO - test: The average macro-F1 score is 0.53233, average micro-F1 score is 0.59811
2022-02-22 09:55:21,797 - model.hagen_supervisor - INFO - Val F1 increase from 0.5535 to 0.5556, saving to ./logs/9/ds2_rl2_gs50_alpha3_pa15_0222095429/model.tar
2022-02-22 09:55:33,074 - model.hagen_supervisor - INFO - val: The average macro-F1 score is 0.53105, average micro-F1 score is 0.59755
2022-02-22 09:55:33,075 - model.hagen_supervisor - INFO - Epoch [4/100] (60) train_loss: 0.6717, (0.4886 / 18.3182) val_loss: 0.6633, (0.4866 / 17.6712) lr: 0.010000, 11.3s
2022-02-22 09:55:33,813 - model.hagen_supervisor - INFO - test: The average macro-F1 score is 0.53244, average micro-F1 score is 0.60066
2022-02-22 09:55:33,824 - model.hagen_supervisor - INFO - Val F1 increase from 0.5556 to 0.5576, saving to ./logs/9/ds2_rl2_gs50_alpha3_pa15_0222095429/model.tar
2022-02-22 09:55:44,948 - model.hagen_supervisor - INFO - val: The average macro-F1 score is 0.52846, average micro-F1 score is 0.59566
2022-02-22 09:55:44,949 - model.hagen_supervisor - INFO - Epoch [5/100] (72) train_loss: 0.6704, (0.4877 / 18.2677) val_loss: 0.6628, (0.4858 / 17.6950) lr: 0.010000, 11.1s
2022-02-22 09:55:45,695 - model.hagen_supervisor - INFO - test: The average macro-F1 score is 0.53140, average micro-F1 score is 0.59993
2022-02-22 09:55:56,598 - model.hagen_supervisor - INFO - val: The average macro-F1 score is 0.52936, average micro-F1 score is 0.59943
2022-02-22 09:55:56,599 - model.hagen_supervisor - INFO - Epoch [6/100] (84) train_loss: 0.6696, (0.4871 / 18.2536) val_loss: 0.6615, (0.4850 / 17.6521) lr: 0.010000, 10.9s
2022-02-22 09:55:57,333 - model.hagen_supervisor - INFO - test: The average macro-F1 score is 0.53252, average micro-F1 score is 0.60442
2022-02-22 09:56:08,225 - model.hagen_supervisor - INFO - val: The average macro-F1 score is 0.53011, average micro-F1 score is 0.59802
2022-02-22 09:56:08,226 - model.hagen_supervisor - INFO - Epoch [7/100] (96) train_loss: 0.6686, (0.4863 / 18.2238) val_loss: 0.6611, (0.4844 / 17.6716) lr: 0.010000, 10.9s
2022-02-22 09:56:08,967 - model.hagen_supervisor - INFO - test: The average macro-F1 score is 0.53477, average micro-F1 score is 0.60490
2022-02-22 09:56:19,981 - model.hagen_supervisor - INFO - val: The average macro-F1 score is 0.53164, average micro-F1 score is 0.59991
2022-02-22 09:56:19,982 - model.hagen_supervisor - INFO - Epoch [8/100] (108) train_loss: 0.6679, (0.4857 / 18.2277) val_loss: 0.6604, (0.4838 / 17.6665) lr: 0.010000, 11.0s
2022-02-22 09:56:20,647 - model.hagen_supervisor - INFO - test: The average macro-F1 score is 0.53424, average micro-F1 score is 0.60466
2022-02-22 09:56:20,660 - model.hagen_supervisor - INFO - Val F1 increase from 0.5576 to 0.5589, saving to ./logs/9/ds2_rl2_gs50_alpha3_pa15_0222095429/model.tar
2022-02-22 09:56:31,825 - model.hagen_supervisor - INFO - val: The average macro-F1 score is 0.53239, average micro-F1 score is 0.60156
2022-02-22 09:56:31,825 - model.hagen_supervisor - INFO - Epoch [9/100] (120) train_loss: 0.6672, (0.4848 / 18.2373) val_loss: 0.6600, (0.4827 / 17.7298) lr: 0.000100, 11.2s
2022-02-22 09:56:32,628 - model.hagen_supervisor - INFO - test: The average macro-F1 score is 0.53452, average micro-F1 score is 0.60624
2022-02-22 09:56:32,641 - model.hagen_supervisor - INFO - Val F1 increase from 0.5589 to 0.5601, saving to ./logs/9/ds2_rl2_gs50_alpha3_pa15_0222095429/model.tar
2022-02-22 09:56:43,434 - model.hagen_supervisor - INFO - val: The average macro-F1 score is 0.53452, average micro-F1 score is 0.60368
2022-02-22 09:56:43,434 - model.hagen_supervisor - INFO - Epoch [10/100] (132) train_loss: 0.6664, (0.4837 / 18.2641) val_loss: 0.6593, (0.4821 / 17.7138) lr: 0.001000, 10.8s
2022-02-22 09:56:44,193 - model.hagen_supervisor - INFO - test: The average macro-F1 score is 0.53682, average micro-F1 score is 0.60866
2022-02-22 09:56:44,204 - model.hagen_supervisor - INFO - Val F1 increase from 0.5601 to 0.5622, saving to ./logs/9/ds2_rl2_gs50_alpha3_pa15_0222095429/model.tar
2022-02-22 09:56:54,985 - model.hagen_supervisor - INFO - val: The average macro-F1 score is 0.53445, average micro-F1 score is 0.60203
2022-02-22 09:56:54,985 - model.hagen_supervisor - INFO - Epoch [11/100] (144) train_loss: 0.6655, (0.4826 / 18.2893) val_loss: 0.6583, (0.4809 / 17.7385) lr: 0.001000, 10.8s
2022-02-22 09:56:55,720 - model.hagen_supervisor - INFO - test: The average macro-F1 score is 0.53792, average micro-F1 score is 0.60757
2022-02-22 09:57:07,422 - model.hagen_supervisor - INFO - val: The average macro-F1 score is 0.53762, average micro-F1 score is 0.60911
2022-02-22 09:57:07,423 - model.hagen_supervisor - INFO - Epoch [12/100] (156) train_loss: 0.6645, (0.4816 / 18.2848) val_loss: 0.6572, (0.4801 / 17.7123) lr: 0.001000, 11.7s
2022-02-22 09:57:08,209 - model.hagen_supervisor - INFO - test: The average macro-F1 score is 0.54325, average micro-F1 score is 0.61667
2022-02-22 09:57:08,237 - model.hagen_supervisor - INFO - Val F1 increase from 0.5622 to 0.5662, saving to ./logs/9/ds2_rl2_gs50_alpha3_pa15_0222095429/model.tar
2022-02-22 09:57:19,992 - model.hagen_supervisor - INFO - val: The average macro-F1 score is 0.53853, average micro-F1 score is 0.60628
2022-02-22 09:57:19,992 - model.hagen_supervisor - INFO - Epoch [13/100] (168) train_loss: 0.6635, (0.4807 / 18.2805) val_loss: 0.6568, (0.4794 / 17.7346) lr: 0.001000, 11.8s
2022-02-22 09:57:20,783 - model.hagen_supervisor - INFO - test: The average macro-F1 score is 0.54521, average micro-F1 score is 0.61449
2022-02-22 09:57:34,855 - model.hagen_supervisor - INFO - val: The average macro-F1 score is 0.54011, average micro-F1 score is 0.60675
2022-02-22 09:57:34,856 - model.hagen_supervisor - INFO - Epoch [14/100] (180) train_loss: 0.6626, (0.4800 / 18.2626) val_loss: 0.6557, (0.4787 / 17.7006) lr: 0.001000, 14.1s
2022-02-22 09:57:36,093 - model.hagen_supervisor - INFO - test: The average macro-F1 score is 0.54562, average micro-F1 score is 0.61291
2022-02-22 09:57:36,117 - model.hagen_supervisor - INFO - Val F1 increase from 0.5662 to 0.5668, saving to ./logs/9/ds2_rl2_gs50_alpha3_pa15_0222095429/model.tar
2022-02-22 09:58:00,888 - model.hagen_supervisor - INFO - val: The average macro-F1 score is 0.53952, average micro-F1 score is 0.60911
2022-02-22 09:58:00,889 - model.hagen_supervisor - INFO - Epoch [15/100] (192) train_loss: 0.6613, (0.4788 / 18.2521) val_loss: 0.6551, (0.4782 / 17.6888) lr: 0.001000, 24.8s
2022-02-22 09:58:01,943 - model.hagen_supervisor - INFO - test: The average macro-F1 score is 0.54479, average micro-F1 score is 0.61631
2022-02-22 09:58:01,956 - model.hagen_supervisor - INFO - Val F1 increase from 0.5668 to 0.5674, saving to ./logs/9/ds2_rl2_gs50_alpha3_pa15_0222095429/model.tar
2022-02-22 09:58:23,161 - model.hagen_supervisor - INFO - val: The average macro-F1 score is 0.54051, average micro-F1 score is 0.60816
2022-02-22 09:58:23,161 - model.hagen_supervisor - INFO - Epoch [16/100] (204) train_loss: 0.6608, (0.4783 / 18.2451) val_loss: 0.6543, (0.4775 / 17.6751) lr: 0.001000, 21.2s
2022-02-22 09:58:24,170 - model.hagen_supervisor - INFO - test: The average macro-F1 score is 0.54362, average micro-F1 score is 0.61315
2022-02-22 09:58:24,184 - model.hagen_supervisor - INFO - Val F1 increase from 0.5674 to 0.5676, saving to ./logs/9/ds2_rl2_gs50_alpha3_pa15_0222095429/model.tar
2022-02-22 09:58:40,884 - model.hagen_supervisor - INFO - val: The average macro-F1 score is 0.53680, average micro-F1 score is 0.60462
2022-02-22 09:58:40,885 - model.hagen_supervisor - INFO - Epoch [17/100] (216) train_loss: 0.6601, (0.4778 / 18.2267) val_loss: 0.6550, (0.4784 / 17.6677) lr: 0.001000, 16.7s
2022-02-22 09:58:42,609 - model.hagen_supervisor - INFO - test: The average macro-F1 score is 0.54383, average micro-F1 score is 0.61279
2022-02-22 09:59:02,662 - model.hagen_supervisor - INFO - val: The average macro-F1 score is 0.53887, average micro-F1 score is 0.60793
2022-02-22 09:59:02,663 - model.hagen_supervisor - INFO - Epoch [18/100] (228) train_loss: 0.6596, (0.4774 / 18.2172) val_loss: 0.6550, (0.4782 / 17.6765) lr: 0.001000, 20.1s
2022-02-22 09:59:03,843 - model.hagen_supervisor - INFO - test: The average macro-F1 score is 0.54351, average micro-F1 score is 0.61449
2022-02-22 09:59:20,836 - model.hagen_supervisor - INFO - val: The average macro-F1 score is 0.53949, average micro-F1 score is 0.60981
2022-02-22 09:59:20,837 - model.hagen_supervisor - INFO - Epoch [19/100] (240) train_loss: 0.6590, (0.4769 / 18.2095) val_loss: 0.6541, (0.4770 / 17.7020) lr: 0.001000, 17.0s
2022-02-22 09:59:22,796 - model.hagen_supervisor - INFO - test: The average macro-F1 score is 0.53921, average micro-F1 score is 0.61485
2022-02-22 09:59:22,811 - model.hagen_supervisor - INFO - Val F1 increase from 0.5676 to 0.5676, saving to ./logs/9/ds2_rl2_gs50_alpha3_pa15_0222095429/model.tar
2022-02-22 09:59:41,119 - model.hagen_supervisor - INFO - val: The average macro-F1 score is 0.53869, average micro-F1 score is 0.60863
2022-02-22 09:59:41,120 - model.hagen_supervisor - INFO - Epoch [20/100] (252) train_loss: 0.6589, (0.4767 / 18.2182) val_loss: 0.6538, (0.4771 / 17.6744) lr: 0.001000, 18.3s
2022-02-22 09:59:42,482 - model.hagen_supervisor - INFO - test: The average macro-F1 score is 0.53919, average micro-F1 score is 0.61315
2022-02-22 10:00:02,495 - model.hagen_supervisor - INFO - val: The average macro-F1 score is 0.54104, average micro-F1 score is 0.60981
2022-02-22 10:00:02,496 - model.hagen_supervisor - INFO - Epoch [21/100] (264) train_loss: 0.6584, (0.4763 / 18.2145) val_loss: 0.6524, (0.4757 / 17.6757) lr: 0.001000, 20.0s
2022-02-22 10:00:03,470 - model.hagen_supervisor - INFO - test: The average macro-F1 score is 0.54033, average micro-F1 score is 0.61255
2022-02-22 10:00:03,483 - model.hagen_supervisor - INFO - Val F1 increase from 0.5676 to 0.5685, saving to ./logs/9/ds2_rl2_gs50_alpha3_pa15_0222095429/model.tar
2022-02-22 10:00:21,205 - model.hagen_supervisor - INFO - val: The average macro-F1 score is 0.53779, average micro-F1 score is 0.60840
2022-02-22 10:00:21,205 - model.hagen_supervisor - INFO - Epoch [22/100] (276) train_loss: 0.6575, (0.4755 / 18.2056) val_loss: 0.6517, (0.4753 / 17.6451) lr: 0.001000, 17.7s
2022-02-22 10:00:22,336 - model.hagen_supervisor - INFO - test: The average macro-F1 score is 0.54045, average micro-F1 score is 0.61412
2022-02-22 10:00:44,007 - model.hagen_supervisor - INFO - val: The average macro-F1 score is 0.53362, average micro-F1 score is 0.60651
2022-02-22 10:00:44,008 - model.hagen_supervisor - INFO - Epoch [23/100] (288) train_loss: 0.6570, (0.4750 / 18.2046) val_loss: 0.6522, (0.4758 / 17.6471) lr: 0.001000, 21.7s
2022-02-22 10:00:44,913 - model.hagen_supervisor - INFO - test: The average macro-F1 score is 0.53629, average micro-F1 score is 0.61291
2022-02-22 10:01:02,087 - model.hagen_supervisor - INFO - val: The average macro-F1 score is 0.52950, average micro-F1 score is 0.60745
2022-02-22 10:01:02,093 - model.hagen_supervisor - INFO - Epoch [24/100] (300) train_loss: 0.6563, (0.4745 / 18.1767) val_loss: 0.6516, (0.4753 / 17.6205) lr: 0.001000, 17.2s
2022-02-22 10:01:04,743 - model.hagen_supervisor - INFO - test: The average macro-F1 score is 0.53504, average micro-F1 score is 0.61461
2022-02-22 10:01:38,518 - model.hagen_supervisor - INFO - val: The average macro-F1 score is 0.53321, average micro-F1 score is 0.60863
2022-02-22 10:01:38,519 - model.hagen_supervisor - INFO - Epoch [25/100] (312) train_loss: 0.6559, (0.4744 / 18.1507) val_loss: 0.6516, (0.4756 / 17.6068) lr: 0.001000, 33.8s
2022-02-22 10:01:39,830 - model.hagen_supervisor - INFO - test: The average macro-F1 score is 0.53458, average micro-F1 score is 0.61425
2022-02-22 10:02:00,136 - model.hagen_supervisor - INFO - val: The average macro-F1 score is 0.53008, average micro-F1 score is 0.60934
2022-02-22 10:02:00,137 - model.hagen_supervisor - INFO - Epoch [26/100] (324) train_loss: 0.6557, (0.4743 / 18.1456) val_loss: 0.6515, (0.4752 / 17.6246) lr: 0.001000, 20.3s
2022-02-22 10:02:01,036 - model.hagen_supervisor - INFO - test: The average macro-F1 score is 0.53461, average micro-F1 score is 0.61607
2022-02-22 10:02:22,507 - model.hagen_supervisor - INFO - val: The average macro-F1 score is 0.53623, average micro-F1 score is 0.61076
2022-02-22 10:02:22,508 - model.hagen_supervisor - INFO - Epoch [27/100] (336) train_loss: 0.6555, (0.4741 / 18.1416) val_loss: 0.6509, (0.4749 / 17.5990) lr: 0.001000, 21.5s
2022-02-22 10:02:23,531 - model.hagen_supervisor - INFO - test: The average macro-F1 score is 0.53676, average micro-F1 score is 0.61655
2022-02-22 10:02:38,959 - model.hagen_supervisor - INFO - val: The average macro-F1 score is 0.53146, average micro-F1 score is 0.60816
2022-02-22 10:02:38,960 - model.hagen_supervisor - INFO - Epoch [28/100] (348) train_loss: 0.6552, (0.4739 / 18.1352) val_loss: 0.6505, (0.4747 / 17.5788) lr: 0.001000, 15.4s
2022-02-22 10:02:39,918 - model.hagen_supervisor - INFO - test: The average macro-F1 score is 0.53463, average micro-F1 score is 0.61461
2022-02-22 10:02:54,562 - model.hagen_supervisor - INFO - val: The average macro-F1 score is 0.53185, average micro-F1 score is 0.60887
2022-02-22 10:02:54,562 - model.hagen_supervisor - INFO - Epoch [29/100] (360) train_loss: 0.6548, (0.4735 / 18.1209) val_loss: 0.6503, (0.4745 / 17.5841) lr: 0.000010, 14.6s
2022-02-22 10:02:55,292 - model.hagen_supervisor - INFO - test: The average macro-F1 score is 0.53509, average micro-F1 score is 0.61485
2022-02-22 10:03:09,866 - model.hagen_supervisor - INFO - val: The average macro-F1 score is 0.53354, average micro-F1 score is 0.61099
2022-02-22 10:03:09,867 - model.hagen_supervisor - INFO - Epoch [30/100] (372) train_loss: 0.6546, (0.4734 / 18.1236) val_loss: 0.6501, (0.4742 / 17.5855) lr: 0.000100, 14.6s
2022-02-22 10:03:11,047 - model.hagen_supervisor - INFO - test: The average macro-F1 score is 0.53548, average micro-F1 score is 0.61667
2022-02-22 10:03:25,654 - model.hagen_supervisor - INFO - val: The average macro-F1 score is 0.53399, average micro-F1 score is 0.61052
2022-02-22 10:03:25,655 - model.hagen_supervisor - INFO - Epoch [31/100] (384) train_loss: 0.6544, (0.4732 / 18.1179) val_loss: 0.6499, (0.4741 / 17.5797) lr: 0.000100, 14.6s
2022-02-22 10:03:26,575 - model.hagen_supervisor - INFO - test: The average macro-F1 score is 0.53424, average micro-F1 score is 0.61473
2022-02-22 10:03:40,843 - model.hagen_supervisor - INFO - val: The average macro-F1 score is 0.53344, average micro-F1 score is 0.60934
2022-02-22 10:03:40,844 - model.hagen_supervisor - INFO - Epoch [32/100] (396) train_loss: 0.6543, (0.4731 / 18.1178) val_loss: 0.6502, (0.4743 / 17.5904) lr: 0.000100, 14.3s
2022-02-22 10:03:41,786 - model.hagen_supervisor - INFO - test: The average macro-F1 score is 0.53217, average micro-F1 score is 0.61425
2022-02-22 10:03:57,078 - model.hagen_supervisor - INFO - val: The average macro-F1 score is 0.53309, average micro-F1 score is 0.61052
2022-02-22 10:03:57,079 - model.hagen_supervisor - INFO - Epoch [33/100] (408) train_loss: 0.6544, (0.4731 / 18.1305) val_loss: 0.6499, (0.4739 / 17.6010) lr: 0.000100, 15.3s
2022-02-22 10:03:57,859 - model.hagen_supervisor - INFO - test: The average macro-F1 score is 0.53335, average micro-F1 score is 0.61497
2022-02-22 10:04:12,745 - model.hagen_supervisor - INFO - val: The average macro-F1 score is 0.53498, average micro-F1 score is 0.61076
2022-02-22 10:04:12,746 - model.hagen_supervisor - INFO - Epoch [34/100] (420) train_loss: 0.6542, (0.4730 / 18.1226) val_loss: 0.6497, (0.4741 / 17.5673) lr: 0.000100, 14.9s
2022-02-22 10:04:13,941 - model.hagen_supervisor - INFO - test: The average macro-F1 score is 0.53617, average micro-F1 score is 0.61534
2022-02-22 10:04:28,550 - model.hagen_supervisor - INFO - val: The average macro-F1 score is 0.53159, average micro-F1 score is 0.60887
2022-02-22 10:04:28,550 - model.hagen_supervisor - INFO - Epoch [35/100] (432) train_loss: 0.6540, (0.4728 / 18.1210) val_loss: 0.6493, (0.4736 / 17.5717) lr: 0.000100, 14.6s
2022-02-22 10:04:29,408 - model.hagen_supervisor - INFO - test: The average macro-F1 score is 0.53602, average micro-F1 score is 0.61570
2022-02-22 10:04:43,751 - model.hagen_supervisor - INFO - val: The average macro-F1 score is 0.53199, average micro-F1 score is 0.60911
2022-02-22 10:04:43,752 - model.hagen_supervisor - INFO - Epoch [36/100] (444) train_loss: 0.6538, (0.4726 / 18.1153) val_loss: 0.6489, (0.4735 / 17.5438) lr: 0.000100, 14.3s
2022-02-22 10:04:44,920 - model.hagen_supervisor - INFO - test: The average macro-F1 score is 0.53736, average micro-F1 score is 0.61692
2022-02-22 10:04:44,920 - model.hagen_supervisor - WARNING - Early stopping at epoch: 36
2022-02-22 10:04:44,920 - model.hagen_supervisor - INFO - For the best epoch21: The average macro-F1 score is 0.54033, average micro-F1 score is 0.61255
