2022-02-22 10:21:10,859 - model.hagen_supervisor - INFO - Log directory: ./logs/11/ds2_rl2_gs65_alpha5_pa25_0222102110
2022-02-22 10:21:10,939 - model.hagen_supervisor - INFO - Model created
2022-02-22 10:21:10,947 - model.hagen_supervisor - INFO - Start training ...
2022-02-22 10:21:10,947 - model.hagen_supervisor - INFO - num_batches:12
2022-02-22 10:21:11,130 - model.hagen_supervisor - INFO - Total trainable parameters 463296
2022-02-22 10:21:24,950 - model.hagen_supervisor - INFO - val: The average macro-F1 score is 0.51750, average micro-F1 score is 0.57956
2022-02-22 10:21:24,950 - model.hagen_supervisor - INFO - Epoch [0/100] (12) train_loss: 0.7386, (0.5482 / 19.0433) val_loss: 0.6923, (0.5043 / 18.7971) lr: 0.010000, 14.0s
2022-02-22 10:21:25,680 - model.hagen_supervisor - INFO - test: The average macro-F1 score is 0.52302, average micro-F1 score is 0.58919
2022-02-22 10:21:25,718 - model.hagen_supervisor - INFO - Val F1 increase from 0.0000 to 0.5423, saving to ./logs/11/ds2_rl2_gs65_alpha5_pa25_0222102110/model.tar
2022-02-22 10:21:36,890 - model.hagen_supervisor - INFO - val: The average macro-F1 score is 0.52579, average micro-F1 score is 0.58783
2022-02-22 10:21:36,891 - model.hagen_supervisor - INFO - Epoch [1/100] (24) train_loss: 0.6868, (0.4962 / 19.0638) val_loss: 0.6845, (0.4959 / 18.8557) lr: 0.010000, 11.2s
2022-02-22 10:21:37,639 - model.hagen_supervisor - INFO - test: The average macro-F1 score is 0.53138, average micro-F1 score is 0.59909
2022-02-22 10:21:37,691 - model.hagen_supervisor - INFO - Val F1 increase from 0.5423 to 0.5506, saving to ./logs/11/ds2_rl2_gs65_alpha5_pa25_0222102110/model.tar
2022-02-22 10:21:49,462 - model.hagen_supervisor - INFO - val: The average macro-F1 score is 0.53144, average micro-F1 score is 0.59657
2022-02-22 10:21:49,463 - model.hagen_supervisor - INFO - Epoch [2/100] (36) train_loss: 0.6795, (0.4904 / 18.9099) val_loss: 0.6782, (0.4918 / 18.6335) lr: 0.010000, 11.8s
2022-02-22 10:21:50,241 - model.hagen_supervisor - INFO - test: The average macro-F1 score is 0.53211, average micro-F1 score is 0.60179
2022-02-22 10:21:50,252 - model.hagen_supervisor - INFO - Val F1 increase from 0.5506 to 0.5575, saving to ./logs/11/ds2_rl2_gs65_alpha5_pa25_0222102110/model.tar
2022-02-22 10:22:01,140 - model.hagen_supervisor - INFO - val: The average macro-F1 score is 0.53379, average micro-F1 score is 0.59563
2022-02-22 10:22:01,141 - model.hagen_supervisor - INFO - Epoch [3/100] (48) train_loss: 0.6755, (0.4873 / 18.8200) val_loss: 0.6756, (0.4894 / 18.6175) lr: 0.010000, 10.9s
2022-02-22 10:22:01,887 - model.hagen_supervisor - INFO - test: The average macro-F1 score is 0.53606, average micro-F1 score is 0.60338
2022-02-22 10:22:01,961 - model.hagen_supervisor - INFO - Val F1 increase from 0.5575 to 0.5585, saving to ./logs/11/ds2_rl2_gs65_alpha5_pa25_0222102110/model.tar
2022-02-22 10:22:12,950 - model.hagen_supervisor - INFO - val: The average macro-F1 score is 0.53374, average micro-F1 score is 0.59634
2022-02-22 10:22:12,950 - model.hagen_supervisor - INFO - Epoch [4/100] (60) train_loss: 0.6736, (0.4860 / 18.7598) val_loss: 0.6742, (0.4887 / 18.5486) lr: 0.010000, 11.0s
2022-02-22 10:22:13,679 - model.hagen_supervisor - INFO - test: The average macro-F1 score is 0.53478, average micro-F1 score is 0.60301
2022-02-22 10:22:13,692 - model.hagen_supervisor - INFO - Val F1 increase from 0.5585 to 0.5588, saving to ./logs/11/ds2_rl2_gs65_alpha5_pa25_0222102110/model.tar
2022-02-22 10:22:24,504 - model.hagen_supervisor - INFO - val: The average macro-F1 score is 0.53465, average micro-F1 score is 0.60012
2022-02-22 10:22:24,504 - model.hagen_supervisor - INFO - Epoch [5/100] (72) train_loss: 0.6722, (0.4848 / 18.7461) val_loss: 0.6738, (0.4882 / 18.5553) lr: 0.010000, 10.8s
2022-02-22 10:22:25,300 - model.hagen_supervisor - INFO - test: The average macro-F1 score is 0.53670, average micro-F1 score is 0.60741
2022-02-22 10:22:25,380 - model.hagen_supervisor - INFO - Val F1 increase from 0.5588 to 0.5608, saving to ./logs/11/ds2_rl2_gs65_alpha5_pa25_0222102110/model.tar
2022-02-22 10:22:36,209 - model.hagen_supervisor - INFO - val: The average macro-F1 score is 0.53452, average micro-F1 score is 0.60224
2022-02-22 10:22:36,209 - model.hagen_supervisor - INFO - Epoch [6/100] (84) train_loss: 0.6711, (0.4840 / 18.7108) val_loss: 0.6725, (0.4875 / 18.5016) lr: 0.010000, 10.8s
2022-02-22 10:22:36,960 - model.hagen_supervisor - INFO - test: The average macro-F1 score is 0.53591, average micro-F1 score is 0.60839
2022-02-22 10:22:36,985 - model.hagen_supervisor - INFO - Val F1 increase from 0.5608 to 0.5616, saving to ./logs/11/ds2_rl2_gs65_alpha5_pa25_0222102110/model.tar
2022-02-22 10:22:47,912 - model.hagen_supervisor - INFO - val: The average macro-F1 score is 0.53040, average micro-F1 score is 0.60035
2022-02-22 10:22:47,913 - model.hagen_supervisor - INFO - Epoch [7/100] (96) train_loss: 0.6700, (0.4833 / 18.6739) val_loss: 0.6720, (0.4866 / 18.5410) lr: 0.010000, 10.9s
2022-02-22 10:22:48,643 - model.hagen_supervisor - INFO - test: The average macro-F1 score is 0.53724, average micro-F1 score is 0.60925
2022-02-22 10:22:59,709 - model.hagen_supervisor - INFO - val: The average macro-F1 score is 0.53502, average micro-F1 score is 0.60319
2022-02-22 10:22:59,709 - model.hagen_supervisor - INFO - Epoch [8/100] (108) train_loss: 0.6689, (0.4825 / 18.6417) val_loss: 0.6705, (0.4862 / 18.4375) lr: 0.010000, 11.1s
2022-02-22 10:23:00,501 - model.hagen_supervisor - INFO - test: The average macro-F1 score is 0.53628, average micro-F1 score is 0.60888
2022-02-22 10:23:00,513 - model.hagen_supervisor - INFO - Val F1 increase from 0.5616 to 0.5623, saving to ./logs/11/ds2_rl2_gs65_alpha5_pa25_0222102110/model.tar
2022-02-22 10:23:12,637 - model.hagen_supervisor - INFO - val: The average macro-F1 score is 0.53324, average micro-F1 score is 0.60555
2022-02-22 10:23:12,637 - model.hagen_supervisor - INFO - Epoch [9/100] (120) train_loss: 0.6673, (0.4812 / 18.6135) val_loss: 0.6700, (0.4856 / 18.4445) lr: 0.000100, 12.1s
2022-02-22 10:23:13,496 - model.hagen_supervisor - INFO - test: The average macro-F1 score is 0.53791, average micro-F1 score is 0.61292
2022-02-22 10:23:25,728 - model.hagen_supervisor - INFO - val: The average macro-F1 score is 0.52909, average micro-F1 score is 0.60886
2022-02-22 10:23:25,728 - model.hagen_supervisor - INFO - Epoch [10/100] (132) train_loss: 0.6667, (0.4804 / 18.6324) val_loss: 0.6690, (0.4842 / 18.4781) lr: 0.001000, 12.2s
2022-02-22 10:23:26,541 - model.hagen_supervisor - INFO - test: The average macro-F1 score is 0.53520, average micro-F1 score is 0.61500
2022-02-22 10:23:38,652 - model.hagen_supervisor - INFO - val: The average macro-F1 score is 0.53823, average micro-F1 score is 0.61028
2022-02-22 10:23:38,653 - model.hagen_supervisor - INFO - Epoch [11/100] (144) train_loss: 0.6651, (0.4790 / 18.6151) val_loss: 0.6674, (0.4834 / 18.4080) lr: 0.001000, 12.1s
2022-02-22 10:23:39,424 - model.hagen_supervisor - INFO - test: The average macro-F1 score is 0.54010, average micro-F1 score is 0.61451
2022-02-22 10:23:39,437 - model.hagen_supervisor - INFO - Val F1 increase from 0.5623 to 0.5671, saving to ./logs/11/ds2_rl2_gs65_alpha5_pa25_0222102110/model.tar
2022-02-22 10:23:50,353 - model.hagen_supervisor - INFO - val: The average macro-F1 score is 0.53651, average micro-F1 score is 0.61146
2022-02-22 10:23:50,353 - model.hagen_supervisor - INFO - Epoch [12/100] (156) train_loss: 0.6638, (0.4782 / 18.5577) val_loss: 0.6662, (0.4823 / 18.3838) lr: 0.001000, 10.9s
2022-02-22 10:23:51,053 - model.hagen_supervisor - INFO - test: The average macro-F1 score is 0.54013, average micro-F1 score is 0.61647
2022-02-22 10:24:02,503 - model.hagen_supervisor - INFO - val: The average macro-F1 score is 0.53556, average micro-F1 score is 0.60910
2022-02-22 10:24:02,503 - model.hagen_supervisor - INFO - Epoch [13/100] (168) train_loss: 0.6633, (0.4778 / 18.5507) val_loss: 0.6659, (0.4821 / 18.3726) lr: 0.001000, 11.4s
2022-02-22 10:24:03,362 - model.hagen_supervisor - INFO - test: The average macro-F1 score is 0.53833, average micro-F1 score is 0.61426
2022-02-22 10:24:15,491 - model.hagen_supervisor - INFO - val: The average macro-F1 score is 0.53466, average micro-F1 score is 0.60343
2022-02-22 10:24:15,492 - model.hagen_supervisor - INFO - Epoch [14/100] (180) train_loss: 0.6636, (0.4781 / 18.5509) val_loss: 0.6652, (0.4814 / 18.3820) lr: 0.001000, 12.1s
2022-02-22 10:24:16,372 - model.hagen_supervisor - INFO - test: The average macro-F1 score is 0.54081, average micro-F1 score is 0.61255
2022-02-22 10:24:28,299 - model.hagen_supervisor - INFO - val: The average macro-F1 score is 0.53394, average micro-F1 score is 0.60721
2022-02-22 10:24:28,300 - model.hagen_supervisor - INFO - Epoch [15/100] (192) train_loss: 0.6617, (0.4765 / 18.5151) val_loss: 0.6648, (0.4815 / 18.3376) lr: 0.001000, 11.9s
2022-02-22 10:24:29,100 - model.hagen_supervisor - INFO - test: The average macro-F1 score is 0.54211, average micro-F1 score is 0.61655
2022-02-22 10:24:39,874 - model.hagen_supervisor - INFO - val: The average macro-F1 score is 0.53533, average micro-F1 score is 0.60862
2022-02-22 10:24:39,874 - model.hagen_supervisor - INFO - Epoch [16/100] (204) train_loss: 0.6615, (0.4766 / 18.4937) val_loss: 0.6641, (0.4807 / 18.3362) lr: 0.001000, 10.8s
2022-02-22 10:24:40,606 - model.hagen_supervisor - INFO - test: The average macro-F1 score is 0.53918, average micro-F1 score is 0.61390
2022-02-22 10:24:51,567 - model.hagen_supervisor - INFO - val: The average macro-F1 score is 0.53660, average micro-F1 score is 0.60768
2022-02-22 10:24:51,567 - model.hagen_supervisor - INFO - Epoch [17/100] (216) train_loss: 0.6608, (0.4758 / 18.5065) val_loss: 0.6646, (0.4811 / 18.3551) lr: 0.001000, 11.0s
2022-02-22 10:24:52,302 - model.hagen_supervisor - INFO - test: The average macro-F1 score is 0.53930, average micro-F1 score is 0.61316
2022-02-22 10:25:03,155 - model.hagen_supervisor - INFO - val: The average macro-F1 score is 0.53643, average micro-F1 score is 0.61170
2022-02-22 10:25:03,156 - model.hagen_supervisor - INFO - Epoch [18/100] (228) train_loss: 0.6605, (0.4756 / 18.4970) val_loss: 0.6630, (0.4799 / 18.3125) lr: 0.001000, 10.9s
2022-02-22 10:25:03,950 - model.hagen_supervisor - INFO - test: The average macro-F1 score is 0.54254, average micro-F1 score is 0.61891
2022-02-22 10:25:14,891 - model.hagen_supervisor - INFO - val: The average macro-F1 score is 0.53164, average micro-F1 score is 0.61217
2022-02-22 10:25:14,891 - model.hagen_supervisor - INFO - Epoch [19/100] (240) train_loss: 0.6591, (0.4744 / 18.4702) val_loss: 0.6630, (0.4799 / 18.3122) lr: 0.001000, 10.9s
2022-02-22 10:25:15,673 - model.hagen_supervisor - INFO - test: The average macro-F1 score is 0.53734, average micro-F1 score is 0.61769
2022-02-22 10:25:26,629 - model.hagen_supervisor - INFO - val: The average macro-F1 score is 0.53325, average micro-F1 score is 0.61382
2022-02-22 10:25:26,629 - model.hagen_supervisor - INFO - Epoch [20/100] (252) train_loss: 0.6588, (0.4741 / 18.4625) val_loss: 0.6626, (0.4795 / 18.3093) lr: 0.001000, 11.0s
2022-02-22 10:25:27,427 - model.hagen_supervisor - INFO - test: The average macro-F1 score is 0.53882, average micro-F1 score is 0.61904
2022-02-22 10:25:38,545 - model.hagen_supervisor - INFO - val: The average macro-F1 score is 0.53747, average micro-F1 score is 0.61170
2022-02-22 10:25:38,546 - model.hagen_supervisor - INFO - Epoch [21/100] (264) train_loss: 0.6589, (0.4742 / 18.4664) val_loss: 0.6619, (0.4792 / 18.2702) lr: 0.001000, 11.1s
2022-02-22 10:25:39,358 - model.hagen_supervisor - INFO - test: The average macro-F1 score is 0.54055, average micro-F1 score is 0.61463
2022-02-22 10:25:39,386 - model.hagen_supervisor - INFO - Val F1 increase from 0.5671 to 0.5672, saving to ./logs/11/ds2_rl2_gs65_alpha5_pa25_0222102110/model.tar
2022-02-22 10:25:50,190 - model.hagen_supervisor - INFO - val: The average macro-F1 score is 0.53437, average micro-F1 score is 0.60886
2022-02-22 10:25:50,191 - model.hagen_supervisor - INFO - Epoch [22/100] (276) train_loss: 0.6598, (0.4753 / 18.4533) val_loss: 0.6636, (0.4807 / 18.2911) lr: 0.001000, 10.8s
2022-02-22 10:25:50,917 - model.hagen_supervisor - INFO - test: The average macro-F1 score is 0.54273, average micro-F1 score is 0.61671
2022-02-22 10:26:01,845 - model.hagen_supervisor - INFO - val: The average macro-F1 score is 0.53055, average micro-F1 score is 0.61170
2022-02-22 10:26:01,846 - model.hagen_supervisor - INFO - Epoch [23/100] (288) train_loss: 0.6590, (0.4745 / 18.4487) val_loss: 0.6621, (0.4791 / 18.2914) lr: 0.001000, 10.9s
2022-02-22 10:26:02,580 - model.hagen_supervisor - INFO - test: The average macro-F1 score is 0.53591, average micro-F1 score is 0.61806
2022-02-22 10:26:13,796 - model.hagen_supervisor - INFO - val: The average macro-F1 score is 0.52818, average micro-F1 score is 0.61335
2022-02-22 10:26:13,796 - model.hagen_supervisor - INFO - Epoch [24/100] (300) train_loss: 0.6581, (0.4737 / 18.4465) val_loss: 0.6609, (0.4782 / 18.2755) lr: 0.001000, 11.2s
2022-02-22 10:26:14,597 - model.hagen_supervisor - INFO - test: The average macro-F1 score is 0.53550, average micro-F1 score is 0.62038
2022-02-22 10:26:25,468 - model.hagen_supervisor - INFO - val: The average macro-F1 score is 0.53176, average micro-F1 score is 0.61382
2022-02-22 10:26:25,468 - model.hagen_supervisor - INFO - Epoch [25/100] (312) train_loss: 0.6576, (0.4733 / 18.4287) val_loss: 0.6604, (0.4778 / 18.2588) lr: 0.001000, 10.9s
2022-02-22 10:26:26,265 - model.hagen_supervisor - INFO - test: The average macro-F1 score is 0.53583, average micro-F1 score is 0.61879
2022-02-22 10:26:39,033 - model.hagen_supervisor - INFO - val: The average macro-F1 score is 0.52655, average micro-F1 score is 0.61288
2022-02-22 10:26:39,034 - model.hagen_supervisor - INFO - Epoch [26/100] (324) train_loss: 0.6574, (0.4732 / 18.4167) val_loss: 0.6610, (0.4786 / 18.2400) lr: 0.001000, 12.8s
2022-02-22 10:26:39,773 - model.hagen_supervisor - INFO - test: The average macro-F1 score is 0.53456, average micro-F1 score is 0.62050
2022-02-22 10:26:51,857 - model.hagen_supervisor - INFO - val: The average macro-F1 score is 0.53284, average micro-F1 score is 0.61028
2022-02-22 10:26:51,857 - model.hagen_supervisor - INFO - Epoch [27/100] (336) train_loss: 0.6576, (0.4733 / 18.4207) val_loss: 0.6616, (0.4789 / 18.2712) lr: 0.001000, 12.1s
2022-02-22 10:26:52,725 - model.hagen_supervisor - INFO - test: The average macro-F1 score is 0.53438, average micro-F1 score is 0.61414
2022-02-22 10:27:04,029 - model.hagen_supervisor - INFO - val: The average macro-F1 score is 0.53565, average micro-F1 score is 0.60650
2022-02-22 10:27:04,029 - model.hagen_supervisor - INFO - Epoch [28/100] (348) train_loss: 0.6578, (0.4734 / 18.4361) val_loss: 0.6624, (0.4793 / 18.3128) lr: 0.001000, 11.3s
2022-02-22 10:27:04,760 - model.hagen_supervisor - INFO - test: The average macro-F1 score is 0.53659, average micro-F1 score is 0.61035
2022-02-22 10:27:15,484 - model.hagen_supervisor - INFO - val: The average macro-F1 score is 0.52900, average micro-F1 score is 0.61217
2022-02-22 10:27:15,485 - model.hagen_supervisor - INFO - Epoch [29/100] (360) train_loss: 0.6576, (0.4732 / 18.4431) val_loss: 0.6610, (0.4782 / 18.2828) lr: 0.000010, 10.7s
2022-02-22 10:27:16,226 - model.hagen_supervisor - INFO - test: The average macro-F1 score is 0.53634, average micro-F1 score is 0.61953
2022-02-22 10:27:27,861 - model.hagen_supervisor - INFO - val: The average macro-F1 score is 0.52884, average micro-F1 score is 0.61406
2022-02-22 10:27:27,861 - model.hagen_supervisor - INFO - Epoch [30/100] (372) train_loss: 0.6569, (0.4727 / 18.4223) val_loss: 0.6600, (0.4774 / 18.2668) lr: 0.000100, 11.6s
2022-02-22 10:27:28,651 - model.hagen_supervisor - INFO - test: The average macro-F1 score is 0.53353, average micro-F1 score is 0.61891
2022-02-22 10:27:40,389 - model.hagen_supervisor - INFO - val: The average macro-F1 score is 0.52929, average micro-F1 score is 0.61240
2022-02-22 10:27:40,389 - model.hagen_supervisor - INFO - Epoch [31/100] (384) train_loss: 0.6564, (0.4724 / 18.4043) val_loss: 0.6606, (0.4780 / 18.2576) lr: 0.000100, 11.7s
2022-02-22 10:27:41,263 - model.hagen_supervisor - INFO - test: The average macro-F1 score is 0.53473, average micro-F1 score is 0.61904
2022-02-22 10:27:53,355 - model.hagen_supervisor - INFO - val: The average macro-F1 score is 0.52691, average micro-F1 score is 0.61477
2022-02-22 10:27:53,356 - model.hagen_supervisor - INFO - Epoch [32/100] (396) train_loss: 0.6567, (0.4724 / 18.4211) val_loss: 0.6611, (0.4780 / 18.3121) lr: 0.000100, 12.1s
2022-02-22 10:27:54,149 - model.hagen_supervisor - INFO - test: The average macro-F1 score is 0.53334, average micro-F1 score is 0.62087
2022-02-22 10:28:05,226 - model.hagen_supervisor - INFO - val: The average macro-F1 score is 0.52934, average micro-F1 score is 0.60862
2022-02-22 10:28:05,226 - model.hagen_supervisor - INFO - Epoch [33/100] (408) train_loss: 0.6576, (0.4732 / 18.4403) val_loss: 0.6617, (0.4786 / 18.3081) lr: 0.000100, 11.1s
2022-02-22 10:28:05,967 - model.hagen_supervisor - INFO - test: The average macro-F1 score is 0.53076, average micro-F1 score is 0.61218
2022-02-22 10:28:16,818 - model.hagen_supervisor - INFO - val: The average macro-F1 score is 0.52829, average micro-F1 score is 0.61028
2022-02-22 10:28:16,819 - model.hagen_supervisor - INFO - Epoch [34/100] (420) train_loss: 0.6573, (0.4729 / 18.4379) val_loss: 0.6628, (0.4800 / 18.2805) lr: 0.000100, 10.9s
2022-02-22 10:28:17,615 - model.hagen_supervisor - INFO - test: The average macro-F1 score is 0.53349, average micro-F1 score is 0.61659
2022-02-22 10:28:28,562 - model.hagen_supervisor - INFO - val: The average macro-F1 score is 0.52803, average micro-F1 score is 0.61500
2022-02-22 10:28:28,562 - model.hagen_supervisor - INFO - Epoch [35/100] (432) train_loss: 0.6564, (0.4723 / 18.4160) val_loss: 0.6609, (0.4781 / 18.2855) lr: 0.000100, 10.9s
2022-02-22 10:28:29,373 - model.hagen_supervisor - INFO - test: The average macro-F1 score is 0.53279, average micro-F1 score is 0.61916
2022-02-22 10:28:40,430 - model.hagen_supervisor - INFO - val: The average macro-F1 score is 0.52670, average micro-F1 score is 0.61311
2022-02-22 10:28:40,430 - model.hagen_supervisor - INFO - Epoch [36/100] (444) train_loss: 0.6558, (0.4719 / 18.3908) val_loss: 0.6600, (0.4777 / 18.2355) lr: 0.000100, 11.1s
2022-02-22 10:28:41,166 - model.hagen_supervisor - INFO - test: The average macro-F1 score is 0.53290, average micro-F1 score is 0.61989
2022-02-22 10:28:52,087 - model.hagen_supervisor - INFO - val: The average macro-F1 score is 0.52733, average micro-F1 score is 0.61240
2022-02-22 10:28:52,087 - model.hagen_supervisor - INFO - Epoch [37/100] (456) train_loss: 0.6556, (0.4718 / 18.3784) val_loss: 0.6595, (0.4772 / 18.2356) lr: 0.000100, 10.9s
2022-02-22 10:28:52,872 - model.hagen_supervisor - INFO - test: The average macro-F1 score is 0.53255, average micro-F1 score is 0.61671
2022-02-22 10:29:03,744 - model.hagen_supervisor - INFO - val: The average macro-F1 score is 0.52867, average micro-F1 score is 0.61004
2022-02-22 10:29:03,745 - model.hagen_supervisor - INFO - Epoch [38/100] (468) train_loss: 0.6557, (0.4717 / 18.3985) val_loss: 0.6605, (0.4777 / 18.2878) lr: 0.000100, 10.9s
2022-02-22 10:29:04,406 - model.hagen_supervisor - INFO - test: The average macro-F1 score is 0.53340, average micro-F1 score is 0.61561
2022-02-22 10:29:15,467 - model.hagen_supervisor - INFO - val: The average macro-F1 score is 0.52832, average micro-F1 score is 0.61359
2022-02-22 10:29:15,467 - model.hagen_supervisor - INFO - Epoch [39/100] (480) train_loss: 0.6556, (0.4716 / 18.3986) val_loss: 0.6608, (0.4779 / 18.2905) lr: 0.000001, 11.1s
2022-02-22 10:29:16,204 - model.hagen_supervisor - INFO - test: The average macro-F1 score is 0.53218, average micro-F1 score is 0.61793
2022-02-22 10:29:27,234 - model.hagen_supervisor - INFO - val: The average macro-F1 score is 0.52867, average micro-F1 score is 0.61217
2022-02-22 10:29:27,235 - model.hagen_supervisor - INFO - Epoch [40/100] (492) train_loss: 0.6560, (0.4719 / 18.4059) val_loss: 0.6615, (0.4785 / 18.2947) lr: 0.000010, 11.0s
2022-02-22 10:29:27,970 - model.hagen_supervisor - INFO - test: The average macro-F1 score is 0.53072, average micro-F1 score is 0.61439
2022-02-22 10:29:38,919 - model.hagen_supervisor - INFO - val: The average macro-F1 score is 0.52998, average micro-F1 score is 0.61240
2022-02-22 10:29:38,919 - model.hagen_supervisor - INFO - Epoch [41/100] (504) train_loss: 0.6559, (0.4717 / 18.4215) val_loss: 0.6603, (0.4774 / 18.2929) lr: 0.000010, 10.9s
2022-02-22 10:29:39,677 - model.hagen_supervisor - INFO - test: The average macro-F1 score is 0.53217, average micro-F1 score is 0.61561
2022-02-22 10:29:51,245 - model.hagen_supervisor - INFO - val: The average macro-F1 score is 0.53025, average micro-F1 score is 0.61359
2022-02-22 10:29:51,246 - model.hagen_supervisor - INFO - Epoch [42/100] (516) train_loss: 0.6560, (0.4716 / 18.4429) val_loss: 0.6592, (0.4764 / 18.2808) lr: 0.000010, 11.6s
2022-02-22 10:29:52,057 - model.hagen_supervisor - INFO - test: The average macro-F1 score is 0.53260, average micro-F1 score is 0.61720
2022-02-22 10:30:04,138 - model.hagen_supervisor - INFO - val: The average macro-F1 score is 0.52746, average micro-F1 score is 0.61264
2022-02-22 10:30:04,138 - model.hagen_supervisor - INFO - Epoch [43/100] (528) train_loss: 0.6552, (0.4714 / 18.3825) val_loss: 0.6590, (0.4765 / 18.2498) lr: 0.000010, 12.1s
2022-02-22 10:30:04,937 - model.hagen_supervisor - INFO - test: The average macro-F1 score is 0.53185, average micro-F1 score is 0.61659
2022-02-22 10:30:17,120 - model.hagen_supervisor - INFO - val: The average macro-F1 score is 0.52915, average micro-F1 score is 0.60839
2022-02-22 10:30:17,121 - model.hagen_supervisor - INFO - Epoch [44/100] (540) train_loss: 0.6550, (0.4710 / 18.3912) val_loss: 0.6595, (0.4767 / 18.2787) lr: 0.000010, 12.2s
2022-02-22 10:30:17,969 - model.hagen_supervisor - INFO - test: The average macro-F1 score is 0.53311, average micro-F1 score is 0.61231
2022-02-22 10:30:28,850 - model.hagen_supervisor - INFO - val: The average macro-F1 score is 0.52778, average micro-F1 score is 0.61429
2022-02-22 10:30:28,851 - model.hagen_supervisor - INFO - Epoch [45/100] (552) train_loss: 0.6555, (0.4713 / 18.4200) val_loss: 0.6598, (0.4772 / 18.2582) lr: 0.000010, 10.9s
2022-02-22 10:30:29,618 - model.hagen_supervisor - INFO - test: The average macro-F1 score is 0.53311, average micro-F1 score is 0.61965
2022-02-22 10:30:40,622 - model.hagen_supervisor - INFO - val: The average macro-F1 score is 0.53185, average micro-F1 score is 0.61122
2022-02-22 10:30:40,624 - model.hagen_supervisor - INFO - Epoch [46/100] (564) train_loss: 0.6557, (0.4715 / 18.4227) val_loss: 0.6597, (0.4769 / 18.2812) lr: 0.000010, 11.0s
2022-02-22 10:30:41,492 - model.hagen_supervisor - INFO - test: The average macro-F1 score is 0.53361, average micro-F1 score is 0.61549
2022-02-22 10:30:41,492 - model.hagen_supervisor - WARNING - Early stopping at epoch: 46
2022-02-22 10:30:41,492 - model.hagen_supervisor - INFO - For the best epoch21: The average macro-F1 score is 0.54055, average micro-F1 score is 0.61463
